<?xml version="1.0" encoding="UTF-8"?>
<coverage generated="1764640806409" clover="3.2.0">
  <project timestamp="1764640806409" name="All files">
    <metrics statements="421" coveredstatements="354" conditionals="212" coveredconditionals="181" methods="200" coveredmethods="144" elements="833" coveredelements="679" complexity="0" loc="421" ncloc="421" packages="13" files="45" classes="45"/>
    <package name="components.LogicRunner">
      <metrics statements="12" coveredstatements="12" conditionals="12" coveredconditionals="12" methods="6" coveredmethods="6"/>
      <file name="ActionsPanel.tsx" path="/Users/wenguangting/Desktop/interview/frontend_task/src/components/LogicRunner/ActionsPanel.tsx">
        <metrics statements="3" coveredstatements="3" conditionals="4" coveredconditionals="4" methods="3" coveredmethods="3"/>
        <line num="13" count="10" type="stmt"/>
        <line num="24" count="3" type="stmt"/>
        <line num="33" count="2" type="stmt"/>
      </file>
      <file name="LogicRunner.tsx" path="/Users/wenguangting/Desktop/interview/frontend_task/src/components/LogicRunner/LogicRunner.tsx">
        <metrics statements="8" coveredstatements="8" conditionals="2" coveredconditionals="2" methods="2" coveredmethods="2"/>
        <line num="19" count="1" type="stmt"/>
        <line num="20" count="10" type="stmt"/>
        <line num="21" count="10" type="stmt"/>
        <line num="23" count="10" type="stmt"/>
        <line num="24" count="5" type="stmt"/>
        <line num="26" count="5" type="cond" truecount="2" falsecount="0"/>
        <line num="29" count="5" type="stmt"/>
        <line num="32" count="10" type="stmt"/>
      </file>
      <file name="ResultDisplay.tsx" path="/Users/wenguangting/Desktop/interview/frontend_task/src/components/LogicRunner/ResultDisplay.tsx">
        <metrics statements="1" coveredstatements="1" conditionals="6" coveredconditionals="6" methods="1" coveredmethods="1"/>
        <line num="10" count="10" type="stmt"/>
      </file>
    </package>
    <package name="components.TodoList">
      <metrics statements="26" coveredstatements="26" conditionals="10" coveredconditionals="9" methods="12" coveredmethods="12"/>
      <file name="TodoItem.tsx" path="/Users/wenguangting/Desktop/interview/frontend_task/src/components/TodoList/TodoItem.tsx">
        <metrics statements="4" coveredstatements="4" conditionals="2" coveredconditionals="2" methods="3" coveredmethods="3"/>
        <line num="13" count="1" type="stmt"/>
        <line num="14" count="37" type="stmt"/>
        <line num="19" count="4" type="stmt"/>
        <line num="32" count="2" type="stmt"/>
      </file>
      <file name="TodoList.tsx" path="/Users/wenguangting/Desktop/interview/frontend_task/src/components/TodoList/TodoList.tsx">
        <metrics statements="22" coveredstatements="22" conditionals="8" coveredconditionals="7" methods="9" coveredmethods="9"/>
        <line num="24" count="1" type="stmt"/>
        <line num="37" count="1" type="stmt"/>
        <line num="38" count="46" type="stmt"/>
        <line num="39" count="46" type="stmt"/>
        <line num="47" count="16" type="cond" truecount="2" falsecount="0"/>
        <line num="48" count="1" type="stmt"/>
        <line num="49" count="1" type="stmt"/>
        <line num="51" count="15" type="cond" truecount="1" falsecount="1"/>
        <line num="52" count="15" type="stmt"/>
        <line num="56" count="15" type="stmt"/>
        <line num="60" count="4" type="stmt"/>
        <line num="61" count="4" type="stmt"/>
        <line num="62" count="5" type="cond" truecount="2" falsecount="0"/>
        <line num="63" count="4" type="stmt"/>
        <line num="64" count="4" type="stmt"/>
        <line num="67" count="4" type="stmt"/>
        <line num="71" count="4" type="stmt"/>
        <line num="72" count="2" type="stmt"/>
        <line num="75" count="46" type="stmt"/>
        <line num="91" count="266" type="stmt"/>
        <line num="119" count="1" type="stmt"/>
        <line num="140" count="37" type="stmt"/>
      </file>
    </package>
    <package name="components.orders.server-managed">
      <metrics statements="39" coveredstatements="39" conditionals="24" coveredconditionals="24" methods="24" coveredmethods="24"/>
      <file name="OrderManagementServer.tsx" path="/Users/wenguangting/Desktop/interview/frontend_task/src/components/orders/server-managed/OrderManagementServer.tsx">
        <metrics statements="13" coveredstatements="13" conditionals="8" coveredconditionals="8" methods="7" coveredmethods="7"/>
        <line num="19" count="1" type="stmt"/>
        <line num="29" count="320" type="stmt"/>
        <line num="31" count="320" type="stmt"/>
        <line num="32" count="2" type="stmt"/>
        <line num="33" count="2" type="stmt"/>
        <line num="36" count="320" type="stmt"/>
        <line num="44" count="320" type="stmt"/>
        <line num="59" count="53" type="stmt"/>
        <line num="68" count="5" type="stmt"/>
        <line num="79" count="2" type="stmt"/>
        <line num="89" count="2" type="stmt"/>
        <line num="107" count="1" type="stmt"/>
        <line num="108" count="45" type="stmt"/>
      </file>
      <file name="OrderTable.tsx" path="/Users/wenguangting/Desktop/interview/frontend_task/src/components/orders/server-managed/OrderTable.tsx">
        <metrics statements="21" coveredstatements="21" conditionals="15" coveredconditionals="15" methods="13" coveredmethods="13"/>
        <line num="25" count="1" type="stmt"/>
        <line num="35" count="97" type="stmt"/>
        <line num="37" count="97" type="stmt"/>
        <line num="44" count="97" type="stmt"/>
        <line num="45" count="194" type="cond" truecount="2" falsecount="0"/>
        <line num="46" count="18" type="stmt"/>
        <line num="48" count="176" type="stmt"/>
        <line num="51" count="97" type="stmt"/>
        <line num="52" count="12" type="stmt"/>
        <line num="59" count="108" type="cond" truecount="2" falsecount="0"/>
        <line num="60" count="455" type="stmt"/>
        <line num="62" count="97" type="stmt"/>
        <line num="64" count="97" type="stmt"/>
        <line num="77" count="3" type="stmt"/>
        <line num="95" count="6" type="stmt"/>
        <line num="107" count="6" type="stmt"/>
        <line num="115" count="479" type="stmt"/>
        <line num="123" count="4" type="stmt"/>
        <line num="158" count="1" type="stmt"/>
        <line num="192" count="7" type="stmt"/>
        <line num="195" count="1" type="stmt"/>
      </file>
      <file name="OrdersTableSkeleton.tsx" path="/Users/wenguangting/Desktop/interview/frontend_task/src/components/orders/server-managed/OrdersTableSkeleton.tsx">
        <metrics statements="5" coveredstatements="5" conditionals="1" coveredconditionals="1" methods="4" coveredmethods="4"/>
        <line num="15" count="1" type="cond" truecount="1" falsecount="0"/>
        <line num="16" count="223" type="stmt"/>
        <line num="23" count="1784" type="stmt"/>
        <line num="31" count="1120" type="stmt"/>
        <line num="33" count="8960" type="stmt"/>
      </file>
    </package>
    <package name="components.orders.shared">
      <metrics statements="27" coveredstatements="24" conditionals="0" coveredconditionals="0" methods="11" coveredmethods="8"/>
      <file name="AmountCell.tsx" path="/Users/wenguangting/Desktop/interview/frontend_task/src/components/orders/shared/AmountCell.tsx">
        <metrics statements="3" coveredstatements="3" conditionals="0" coveredconditionals="0" methods="1" coveredmethods="1"/>
        <line num="5" count="1" type="stmt"/>
        <line num="6" count="479" type="stmt"/>
        <line num="12" count="479" type="stmt"/>
      </file>
      <file name="DeliveryStatusCell.tsx" path="/Users/wenguangting/Desktop/interview/frontend_task/src/components/orders/shared/DeliveryStatusCell.tsx">
        <metrics statements="14" coveredstatements="11" conditionals="0" coveredconditionals="0" methods="9" coveredmethods="6"/>
        <line num="21" count="1" type="stmt"/>
        <line num="26" count="479" type="stmt"/>
        <line num="28" count="479" type="stmt"/>
        <line num="29" count="1" type="stmt"/>
        <line num="30" count="1" type="stmt"/>
        <line num="33" count="1" type="stmt"/>
        <line num="34" count="1" type="stmt"/>
        <line num="35" count="1" type="stmt"/>
        <line num="38" count="0" type="stmt"/>
        <line num="42" count="1" type="stmt"/>
        <line num="45" count="0" type="stmt"/>
        <line num="46" count="0" type="stmt"/>
        <line num="50" count="479" type="stmt"/>
        <line num="58" count="2395" type="stmt"/>
      </file>
      <file name="OrderTableStats.tsx" path="/Users/wenguangting/Desktop/interview/frontend_task/src/components/orders/shared/OrderTableStats.tsx">
        <metrics statements="4" coveredstatements="4" conditionals="0" coveredconditionals="0" methods="1" coveredmethods="1"/>
        <line num="15" count="1" type="stmt"/>
        <line num="22" count="320" type="stmt"/>
        <line num="24" count="320" type="stmt"/>
        <line num="30" count="320" type="stmt"/>
      </file>
      <file name="constants.tsx" path="/Users/wenguangting/Desktop/interview/frontend_task/src/components/orders/shared/constants.tsx">
        <metrics statements="6" coveredstatements="6" conditionals="0" coveredconditionals="0" methods="0" coveredmethods="0"/>
        <line num="12" count="1" type="stmt"/>
        <line num="19" count="1" type="stmt"/>
        <line num="26" count="1" type="stmt"/>
        <line num="32" count="1" type="stmt"/>
        <line num="38" count="1" type="stmt"/>
        <line num="61" count="1" type="stmt"/>
      </file>
    </package>
    <package name="components.ui">
      <metrics statements="171" coveredstatements="109" conditionals="78" coveredconditionals="50" methods="123" coveredmethods="70"/>
      <file name="ComboBoxResponsive.tsx" path="/Users/wenguangting/Desktop/interview/frontend_task/src/components/ui/ComboBoxResponsive.tsx">
        <metrics statements="14" coveredstatements="13" conditionals="10" coveredconditionals="8" methods="6" coveredmethods="6"/>
        <line num="30" count="1" type="stmt"/>
        <line num="36" count="640" type="stmt"/>
        <line num="37" count="640" type="stmt"/>
        <line num="40" count="640" type="stmt"/>
        <line num="62" count="72" type="stmt"/>
        <line num="64" count="17" type="stmt"/>
        <line num="79" count="640" type="cond" truecount="1" falsecount="1"/>
        <line num="80" count="640" type="stmt"/>
        <line num="94" count="0" type="stmt"/>
        <line num="116" count="1" type="stmt"/>
        <line num="121" count="22" type="stmt"/>
        <line num="128" count="94" type="stmt"/>
        <line num="129" count="94" type="stmt"/>
        <line num="135" count="7" type="stmt"/>
      </file>
      <file name="StatusBadge.tsx" path="/Users/wenguangting/Desktop/interview/frontend_task/src/components/ui/StatusBadge.tsx">
        <metrics statements="6" coveredstatements="6" conditionals="6" coveredconditionals="6" methods="1" coveredmethods="1"/>
        <line num="15" count="1" type="stmt"/>
        <line num="22" count="958" type="stmt"/>
        <line num="23" count="958" type="cond" truecount="2" falsecount="0"/>
        <line num="25" count="958" type="stmt"/>
        <line num="26" count="958" type="cond" truecount="2" falsecount="0"/>
        <line num="28" count="958" type="stmt"/>
      </file>
      <file name="badge.tsx" path="/Users/wenguangting/Desktop/interview/frontend_task/src/components/ui/badge.tsx">
        <metrics statements="3" coveredstatements="3" conditionals="3" coveredconditionals="2" methods="1" coveredmethods="1"/>
        <line num="7" count="1" type="stmt"/>
        <line num="35" count="992" type="cond" truecount="1" falsecount="1"/>
        <line num="37" count="992" type="stmt"/>
      </file>
      <file name="button.tsx" path="/Users/wenguangting/Desktop/interview/frontend_task/src/components/ui/button.tsx">
        <metrics statements="3" coveredstatements="3" conditionals="3" coveredconditionals="2" methods="1" coveredmethods="1"/>
        <line num="7" count="3" type="stmt"/>
        <line num="49" count="1632" type="cond" truecount="1" falsecount="1"/>
        <line num="51" count="1632" type="stmt"/>
      </file>
      <file name="card.tsx" path="/Users/wenguangting/Desktop/interview/frontend_task/src/components/ui/card.tsx">
        <metrics statements="7" coveredstatements="6" conditionals="0" coveredconditionals="0" methods="7" coveredmethods="6"/>
        <line num="6" count="1702" type="stmt"/>
        <line num="19" count="1702" type="stmt"/>
        <line num="32" count="1702" type="stmt"/>
        <line num="42" count="422" type="stmt"/>
        <line num="52" count="0" type="stmt"/>
        <line num="65" count="1702" type="stmt"/>
        <line num="75" count="46" type="stmt"/>
      </file>
      <file name="checkbox.tsx" path="/Users/wenguangting/Desktop/interview/frontend_task/src/components/ui/checkbox.tsx">
        <metrics statements="1" coveredstatements="1" conditionals="0" coveredconditionals="0" methods="1" coveredmethods="1"/>
        <line num="11" count="613" type="stmt"/>
      </file>
      <file name="command.tsx" path="/Users/wenguangting/Desktop/interview/frontend_task/src/components/ui/command.tsx">
        <metrics statements="9" coveredstatements="6" conditionals="3" coveredconditionals="0" methods="9" coveredmethods="6"/>
        <line num="20" count="22" type="stmt"/>
        <line num="45" count="0" type="stmt"/>
        <line num="67" count="22" type="stmt"/>
        <line num="89" count="22" type="stmt"/>
        <line num="104" count="22" type="stmt"/>
        <line num="117" count="22" type="stmt"/>
        <line num="133" count="0" type="stmt"/>
        <line num="146" count="94" type="stmt"/>
        <line num="162" count="0" type="stmt"/>
      </file>
      <file name="data-table-faceted-filter.tsx" path="/Users/wenguangting/Desktop/interview/frontend_task/src/components/ui/data-table-faceted-filter.tsx">
        <metrics statements="11" coveredstatements="10" conditionals="2" coveredconditionals="1" methods="2" coveredmethods="2"/>
        <line num="14" count="1" type="stmt"/>
        <line num="20" count="640" type="stmt"/>
        <line num="22" count="640" type="stmt"/>
        <line num="24" count="640" type="stmt"/>
        <line num="25" count="7" type="stmt"/>
        <line num="27" count="7" type="cond" truecount="1" falsecount="1"/>
        <line num="28" count="0" type="stmt"/>
        <line num="30" count="7" type="stmt"/>
        <line num="33" count="7" type="stmt"/>
        <line num="34" count="7" type="stmt"/>
        <line num="37" count="640" type="stmt"/>
      </file>
      <file name="data-table-pagination.tsx" path="/Users/wenguangting/Desktop/interview/frontend_task/src/components/ui/data-table-pagination.tsx">
        <metrics statements="8" coveredstatements="8" conditionals="4" coveredconditionals="3" methods="7" coveredmethods="7"/>
        <line num="26" count="1" type="stmt"/>
        <line num="35" count="97" type="stmt"/>
        <line num="54" count="1" type="stmt"/>
        <line num="62" count="291" type="stmt"/>
        <line num="81" count="1" type="stmt"/>
        <line num="91" count="1" type="stmt"/>
        <line num="101" count="3" type="stmt"/>
        <line num="111" count="2" type="stmt"/>
      </file>
      <file name="data-table-sort-header.tsx" path="/Users/wenguangting/Desktop/interview/frontend_task/src/components/ui/data-table-sort-header.tsx">
        <metrics statements="10" coveredstatements="9" conditionals="6" coveredconditionals="5" methods="4" coveredmethods="4"/>
        <line num="18" count="1" type="stmt"/>
        <line num="24" count="194" type="cond" truecount="1" falsecount="1"/>
        <line num="25" count="0" type="stmt"/>
        <line num="28" count="194" type="stmt"/>
        <line num="29" count="194" type="cond" truecount="2" falsecount="0"/>
        <line num="30" count="194" type="cond" truecount="2" falsecount="0"/>
        <line num="32" count="194" type="stmt"/>
        <line num="51" count="6" type="stmt"/>
        <line num="58" count="4" type="stmt"/>
        <line num="65" count="2" type="stmt"/>
      </file>
      <file name="dialog.tsx" path="/Users/wenguangting/Desktop/interview/frontend_task/src/components/ui/dialog.tsx">
        <metrics statements="10" coveredstatements="0" conditionals="3" coveredconditionals="0" methods="10" coveredmethods="0"/>
        <line num="10" count="0" type="stmt"/>
        <line num="16" count="0" type="stmt"/>
        <line num="22" count="0" type="stmt"/>
        <line num="28" count="0" type="stmt"/>
        <line num="35" count="0" type="stmt"/>
        <line num="55" count="0" type="stmt"/>
        <line num="82" count="0" type="stmt"/>
        <line num="92" count="0" type="stmt"/>
        <line num="108" count="0" type="stmt"/>
        <line num="121" count="0" type="stmt"/>
      </file>
      <file name="drawer.tsx" path="/Users/wenguangting/Desktop/interview/frontend_task/src/components/ui/drawer.tsx">
        <metrics statements="10" coveredstatements="0" conditionals="0" coveredconditionals="0" methods="10" coveredmethods="0"/>
        <line num="9" count="0" type="stmt"/>
        <line num="15" count="0" type="stmt"/>
        <line num="21" count="0" type="stmt"/>
        <line num="27" count="0" type="stmt"/>
        <line num="34" count="0" type="stmt"/>
        <line num="51" count="0" type="stmt"/>
        <line num="74" count="0" type="stmt"/>
        <line num="87" count="0" type="stmt"/>
        <line num="100" count="0" type="stmt"/>
        <line num="113" count="0" type="stmt"/>
      </file>
      <file name="dropdown-menu.tsx" path="/Users/wenguangting/Desktop/interview/frontend_task/src/components/ui/dropdown-menu.tsx">
        <metrics statements="15" coveredstatements="4" conditionals="2" coveredconditionals="2" methods="15" coveredmethods="4"/>
        <line num="10" count="194" type="stmt"/>
        <line num="16" count="0" type="stmt"/>
        <line num="24" count="194" type="stmt"/>
        <line num="37" count="194" type="stmt"/>
        <line num="55" count="0" type="stmt"/>
        <line num="69" count="78" type="stmt"/>
        <line num="89" count="0" type="stmt"/>
        <line num="112" count="0" type="stmt"/>
        <line num="125" count="0" type="stmt"/>
        <line num="151" count="0" type="stmt"/>
        <line num="168" count="0" type="stmt"/>
        <line num="181" count="0" type="stmt"/>
        <line num="196" count="0" type="stmt"/>
        <line num="207" count="0" type="stmt"/>
        <line num="227" count="0" type="stmt"/>
      </file>
      <file name="field.tsx" path="/Users/wenguangting/Desktop/interview/frontend_task/src/components/ui/field.tsx">
        <metrics statements="24" coveredstatements="12" conditionals="14" coveredconditionals="5" methods="13" coveredmethods="5"/>
        <line num="9" count="0" type="stmt"/>
        <line num="27" count="0" type="stmt"/>
        <line num="43" count="0" type="stmt"/>
        <line num="55" count="1" type="stmt"/>
        <line num="84" count="294" type="stmt"/>
        <line num="96" count="0" type="stmt"/>
        <line num="112" count="248" type="stmt"/>
        <line num="127" count="0" type="stmt"/>
        <line num="140" count="0" type="stmt"/>
        <line num="161" count="0" type="stmt"/>
        <line num="192" count="2" type="stmt"/>
        <line num="193" count="2" type="cond" truecount="1" falsecount="1"/>
        <line num="194" count="0" type="stmt"/>
        <line num="197" count="2" type="cond" truecount="1" falsecount="1"/>
        <line num="198" count="0" type="stmt"/>
        <line num="201" count="2" type="stmt"/>
        <line num="202" count="2" type="stmt"/>
        <line num="205" count="2" type="cond" truecount="1" falsecount="1"/>
        <line num="206" count="2" type="stmt"/>
        <line num="209" count="0" type="stmt"/>
        <line num="213" count="0" type="cond" truecount="0" falsecount="2"/>
        <line num="219" count="2" type="cond" truecount="1" falsecount="1"/>
        <line num="220" count="0" type="stmt"/>
        <line num="223" count="2" type="stmt"/>
      </file>
      <file name="input-group.tsx" path="/Users/wenguangting/Desktop/interview/frontend_task/src/components/ui/input-group.tsx">
        <metrics statements="11" coveredstatements="5" conditionals="6" coveredconditionals="1" methods="7" coveredmethods="3"/>
        <line num="10" count="248" type="stmt"/>
        <line num="37" count="1" type="stmt"/>
        <line num="63" count="248" type="stmt"/>
        <line num="70" count="0" type="cond" truecount="0" falsecount="2"/>
        <line num="71" count="0" type="stmt"/>
        <line num="73" count="0" type="stmt"/>
        <line num="80" count="1" type="stmt"/>
        <line num="106" count="0" type="stmt"/>
        <line num="118" count="0" type="stmt"/>
        <line num="133" count="248" type="stmt"/>
        <line num="149" count="0" type="stmt"/>
      </file>
      <file name="input.tsx" path="/Users/wenguangting/Desktop/interview/frontend_task/src/components/ui/input.tsx">
        <metrics statements="1" coveredstatements="1" conditionals="0" coveredconditionals="0" methods="1" coveredmethods="1"/>
        <line num="6" count="568" type="stmt"/>
      </file>
      <file name="label.tsx" path="/Users/wenguangting/Desktop/interview/frontend_task/src/components/ui/label.tsx">
        <metrics statements="1" coveredstatements="1" conditionals="0" coveredconditionals="0" methods="1" coveredmethods="1"/>
        <line num="10" count="285" type="stmt"/>
      </file>
      <file name="popover.tsx" path="/Users/wenguangting/Desktop/interview/frontend_task/src/components/ui/popover.tsx">
        <metrics statements="4" coveredstatements="3" conditionals="2" coveredconditionals="2" methods="4" coveredmethods="3"/>
        <line num="9" count="640" type="stmt"/>
        <line num="15" count="640" type="stmt"/>
        <line num="24" count="640" type="stmt"/>
        <line num="43" count="0" type="stmt"/>
      </file>
      <file name="scroll-area.tsx" path="/Users/wenguangting/Desktop/interview/frontend_task/src/components/ui/scroll-area.tsx">
        <metrics statements="2" coveredstatements="2" conditionals="5" coveredconditionals="4" methods="2" coveredmethods="2"/>
        <line num="11" count="10" type="stmt"/>
        <line num="34" count="10" type="stmt"/>
      </file>
      <file name="select.tsx" path="/Users/wenguangting/Desktop/interview/frontend_task/src/components/ui/select.tsx">
        <metrics statements="10" coveredstatements="8" conditionals="7" coveredconditionals="7" methods="10" coveredmethods="8"/>
        <line num="10" count="576" type="stmt"/>
        <line num="16" count="481" type="stmt"/>
        <line num="22" count="576" type="stmt"/>
        <line num="33" count="576" type="stmt"/>
        <line num="58" count="576" type="stmt"/>
        <line num="92" count="0" type="stmt"/>
        <line num="106" count="2699" type="stmt"/>
        <line num="129" count="0" type="stmt"/>
        <line num="142" count="579" type="stmt"/>
        <line num="160" count="579" type="stmt"/>
      </file>
      <file name="separator.tsx" path="/Users/wenguangting/Desktop/interview/frontend_task/src/components/ui/separator.tsx">
        <metrics statements="1" coveredstatements="1" conditionals="2" coveredconditionals="2" methods="1" coveredmethods="1"/>
        <line num="14" count="27" type="stmt"/>
      </file>
      <file name="skeleton.tsx" path="/Users/wenguangting/Desktop/interview/frontend_task/src/components/ui/skeleton.tsx">
        <metrics statements="1" coveredstatements="1" conditionals="0" coveredconditionals="0" methods="1" coveredmethods="1"/>
        <line num="4" count="10967" type="stmt"/>
      </file>
      <file name="table.tsx" path="/Users/wenguangting/Desktop/interview/frontend_task/src/components/ui/table.tsx">
        <metrics statements="8" coveredstatements="6" conditionals="0" coveredconditionals="0" methods="8" coveredmethods="6"/>
        <line num="6" count="320" type="stmt"/>
        <line num="21" count="320" type="stmt"/>
        <line num="31" count="320" type="stmt"/>
        <line num="41" count="0" type="stmt"/>
        <line num="54" count="1920" type="stmt"/>
        <line num="67" count="2560" type="stmt"/>
        <line num="80" count="12793" type="stmt"/>
        <line num="96" count="0" type="stmt"/>
      </file>
      <file name="textarea.tsx" path="/Users/wenguangting/Desktop/interview/frontend_task/src/components/ui/textarea.tsx">
        <metrics statements="1" coveredstatements="0" conditionals="0" coveredconditionals="0" methods="1" coveredmethods="0"/>
        <line num="6" count="0" type="stmt"/>
      </file>
    </package>
    <package name="context">
      <metrics statements="9" coveredstatements="8" conditionals="2" coveredconditionals="1" methods="2" coveredmethods="2"/>
      <file name="OrderContext.tsx" path="/Users/wenguangting/Desktop/interview/frontend_task/src/context/OrderContext.tsx">
        <metrics statements="3" coveredstatements="3" conditionals="0" coveredconditionals="0" methods="1" coveredmethods="1"/>
        <line num="5" count="1" type="stmt"/>
        <line num="6" count="320" type="stmt"/>
        <line num="8" count="320" type="stmt"/>
      </file>
      <file name="useOrderContext.ts" path="/Users/wenguangting/Desktop/interview/frontend_task/src/context/useOrderContext.ts">
        <metrics statements="6" coveredstatements="5" conditionals="2" coveredconditionals="1" methods="1" coveredmethods="1"/>
        <line num="50" count="1" type="stmt"/>
        <line num="54" count="1" type="stmt"/>
        <line num="55" count="417" type="stmt"/>
        <line num="56" count="417" type="cond" truecount="1" falsecount="1"/>
        <line num="57" count="0" type="stmt"/>
        <line num="59" count="417" type="stmt"/>
      </file>
    </package>
    <package name="data">
      <metrics statements="1" coveredstatements="1" conditionals="0" coveredconditionals="0" methods="0" coveredmethods="0"/>
      <file name="orders.ts" path="/Users/wenguangting/Desktop/interview/frontend_task/src/data/orders.ts">
        <metrics statements="1" coveredstatements="1" conditionals="0" coveredconditionals="0" methods="0" coveredmethods="0"/>
        <line num="3" count="8" type="stmt"/>
      </file>
    </package>
    <package name="hooks.useDebounce">
      <metrics statements="8" coveredstatements="8" conditionals="1" coveredconditionals="1" methods="4" coveredmethods="4"/>
      <file name="useDebounce.ts" path="/Users/wenguangting/Desktop/interview/frontend_task/src/hooks/useDebounce/useDebounce.ts">
        <metrics statements="8" coveredstatements="8" conditionals="1" coveredconditionals="1" methods="4" coveredmethods="4"/>
        <line num="3" count="2" type="cond" truecount="1" falsecount="0"/>
        <line num="4" count="156" type="stmt"/>
        <line num="6" count="156" type="stmt"/>
        <line num="7" count="43" type="stmt"/>
        <line num="8" count="10" type="stmt"/>
        <line num="11" count="43" type="stmt"/>
        <line num="12" count="43" type="stmt"/>
        <line num="16" count="156" type="stmt"/>
      </file>
    </package>
    <package name="hooks.useMediaQuery">
      <metrics statements="12" coveredstatements="12" conditionals="2" coveredconditionals="2" methods="4" coveredmethods="4"/>
      <file name="useMediaQuery.ts" path="/Users/wenguangting/Desktop/interview/frontend_task/src/hooks/useMediaQuery/useMediaQuery.ts">
        <metrics statements="12" coveredstatements="12" conditionals="2" coveredconditionals="2" methods="4" coveredmethods="4"/>
        <line num="8" count="1" type="stmt"/>
        <line num="9" count="26" type="stmt"/>
        <line num="11" count="26" type="stmt"/>
        <line num="13" count="16" type="cond" truecount="2" falsecount="0"/>
        <line num="14" count="2" type="stmt"/>
        <line num="17" count="14" type="stmt"/>
        <line num="19" count="17" type="stmt"/>
        <line num="21" count="14" type="stmt"/>
        <line num="23" count="14" type="stmt"/>
        <line num="25" count="14" type="stmt"/>
        <line num="26" count="14" type="stmt"/>
        <line num="30" count="26" type="stmt"/>
      </file>
    </package>
    <package name="hooks.useOrderState">
      <metrics statements="60" coveredstatements="59" conditionals="44" coveredconditionals="43" methods="9" coveredmethods="9"/>
      <file name="useOrderState.ts" path="/Users/wenguangting/Desktop/interview/frontend_task/src/hooks/useOrderState/useOrderState.ts">
        <metrics statements="60" coveredstatements="59" conditionals="44" coveredconditionals="43" methods="9" coveredmethods="9"/>
        <line num="11" count="2" type="stmt"/>
        <line num="30" count="2" type="stmt"/>
        <line num="31" count="391" type="cond" truecount="11" falsecount="1"/>
        <line num="33" count="171" type="stmt"/>
        <line num="35" count="95" type="stmt"/>
        <line num="44" count="12" type="stmt"/>
        <line num="46" count="2" type="stmt"/>
        <line num="48" count="15" type="stmt"/>
        <line num="50" count="58" type="stmt"/>
        <line num="52" count="15" type="stmt"/>
        <line num="61" count="3" type="stmt"/>
        <line num="63" count="8" type="stmt"/>
        <line num="64" count="12" type="stmt"/>
        <line num="65" count="8" type="cond" truecount="2" falsecount="0"/>
        <line num="67" count="7" type="stmt"/>
        <line num="68" count="7" type="stmt"/>
        <line num="69" count="17" type="cond" truecount="2" falsecount="0"/>
        <line num="72" count="7" type="stmt"/>
        <line num="74" count="7" type="cond" truecount="2" falsecount="0"/>
        <line num="75" count="2" type="stmt"/>
        <line num="78" count="7" type="cond" truecount="2" falsecount="0"/>
        <line num="79" count="3" type="cond" truecount="2" falsecount="0"/>
        <line num="80" count="3" type="cond" truecount="2" falsecount="0"/>
        <line num="82" count="3" type="cond" truecount="2" falsecount="0"/>
        <line num="83" count="3" type="cond" truecount="2" falsecount="0"/>
        <line num="86" count="7" type="cond" truecount="2" falsecount="0"/>
        <line num="87" count="4" type="cond" truecount="2" falsecount="0"/>
        <line num="88" count="4" type="cond" truecount="2" falsecount="0"/>
        <line num="91" count="7" type="stmt"/>
        <line num="94" count="7" type="stmt"/>
        <line num="102" count="5" type="stmt"/>
        <line num="103" count="5" type="stmt"/>
        <line num="104" count="19" type="cond" truecount="2" falsecount="0"/>
        <line num="105" count="12" type="stmt"/>
        <line num="107" count="7" type="stmt"/>
        <line num="110" count="5" type="stmt"/>
        <line num="113" count="0" type="stmt"/>
        <line num="117" count="2" type="stmt"/>
        <line num="118" count="450" type="stmt"/>
        <line num="119" count="450" type="stmt"/>
        <line num="121" count="450" type="stmt"/>
        <line num="122" count="169" type="stmt"/>
        <line num="123" count="169" type="stmt"/>
        <line num="125" count="169" type="stmt"/>
        <line num="126" count="169" type="stmt"/>
        <line num="127" count="169" type="stmt"/>
        <line num="128" count="169" type="stmt"/>
        <line num="138" count="98" type="stmt"/>
        <line num="148" count="71" type="cond" truecount="4" falsecount="0"/>
        <line num="149" count="69" type="stmt"/>
        <line num="150" count="69" type="stmt"/>
        <line num="153" count="2" type="cond" truecount="2" falsecount="0"/>
        <line num="154" count="1" type="stmt"/>
        <line num="156" count="1" type="stmt"/>
        <line num="158" count="2" type="stmt"/>
        <line num="162" count="169" type="stmt"/>
        <line num="164" count="169" type="stmt"/>
        <line num="165" count="169" type="stmt"/>
        <line num="175" count="450" type="stmt"/>
        <line num="179" count="36" type="cond" truecount="2" falsecount="0"/>
      </file>
    </package>
    <package name="lib">
      <metrics statements="11" coveredstatements="11" conditionals="0" coveredconditionals="0" methods="0" coveredmethods="0"/>
      <file name="definitions.ts" path="/Users/wenguangting/Desktop/interview/frontend_task/src/lib/definitions.ts">
        <metrics statements="11" coveredstatements="11" conditionals="0" coveredconditionals="0" methods="0" coveredmethods="0"/>
        <line num="5" count="8" type="stmt"/>
        <line num="12" count="8" type="stmt"/>
        <line num="17" count="8" type="stmt"/>
        <line num="18" count="8" type="stmt"/>
        <line num="22" count="8" type="stmt"/>
        <line num="29" count="8" type="stmt"/>
        <line num="33" count="8" type="stmt"/>
        <line num="45" count="8" type="stmt"/>
        <line num="48" count="8" type="stmt"/>
        <line num="55" count="8" type="stmt"/>
        <line num="64" count="8" type="stmt"/>
      </file>
    </package>
    <package name="lib.calculations">
      <metrics statements="33" coveredstatements="33" conditionals="31" coveredconditionals="31" methods="3" coveredmethods="3"/>
      <file name="calculations.ts" path="/Users/wenguangting/Desktop/interview/frontend_task/src/lib/calculations/calculations.ts">
        <metrics statements="33" coveredstatements="33" conditionals="31" coveredconditionals="31" methods="3" coveredmethods="3"/>
        <line num="5" count="7" type="cond" truecount="2" falsecount="0"/>
        <line num="6" count="1" type="stmt"/>
        <line num="9" count="6" type="stmt"/>
        <line num="10" count="6" type="stmt"/>
        <line num="11" count="6" type="stmt"/>
        <line num="12" count="6" type="stmt"/>
        <line num="14" count="6" type="stmt"/>
        <line num="15" count="51" type="cond" truecount="2" falsecount="0"/>
        <line num="16" count="21" type="stmt"/>
        <line num="19" count="51" type="cond" truecount="2" falsecount="0"/>
        <line num="20" count="51" type="cond" truecount="2" falsecount="0"/>
        <line num="22" count="19" type="cond" truecount="2" falsecount="0"/>
        <line num="23" count="51" type="stmt"/>
        <line num="26" count="51" type="cond" truecount="4" falsecount="0"/>
        <line num="27" count="15" type="stmt"/>
        <line num="31" count="6" type="stmt"/>
        <line num="40" count="7" type="cond" truecount="2" falsecount="0"/>
        <line num="41" count="1" type="stmt"/>
        <line num="44" count="6" type="stmt"/>
        <line num="48" count="6" type="stmt"/>
        <line num="49" count="6" type="stmt"/>
        <line num="51" count="6" type="stmt"/>
        <line num="52" count="8" type="stmt"/>
        <line num="55" count="6" type="stmt"/>
        <line num="57" count="35" type="cond" truecount="2" falsecount="0"/>
        <line num="61" count="12" type="stmt"/>
        <line num="65" count="35" type="cond" truecount="2" falsecount="0"/>
        <line num="69" count="35" type="stmt"/>
        <line num="75" count="35" type="cond" truecount="4" falsecount="0"/>
        <line num="76" count="5" type="stmt"/>
        <line num="79" count="35" type="cond" truecount="2" falsecount="0"/>
        <line num="84" count="3" type="stmt"/>
        <line num="88" count="6" type="stmt"/>
      </file>
    </package>
    <package name="lib.utils">
      <metrics statements="12" coveredstatements="12" conditionals="8" coveredconditionals="8" methods="2" coveredmethods="2"/>
      <file name="utils.ts" path="/Users/wenguangting/Desktop/interview/frontend_task/src/lib/utils/utils.ts">
        <metrics statements="12" coveredstatements="12" conditionals="8" coveredconditionals="8" methods="2" coveredmethods="2"/>
        <line num="5" count="50690" type="stmt"/>
        <line num="9" count="1233" type="cond" truecount="2" falsecount="0"/>
        <line num="10" count="1232" type="cond" truecount="2" falsecount="0"/>
        <line num="12" count="779" type="stmt"/>
        <line num="13" count="779" type="stmt"/>
        <line num="15" count="779" type="stmt"/>
        <line num="16" count="779" type="stmt"/>
        <line num="18" count="779" type="cond" truecount="2" falsecount="0"/>
        <line num="19" count="5993" type="cond" truecount="2" falsecount="0"/>
        <line num="20" count="153" type="stmt"/>
        <line num="22" count="5993" type="stmt"/>
        <line num="25" count="779" type="stmt"/>
      </file>
    </package>
  </project>
</coverage>
