{"/Users/wenguangting/Desktop/interview/frontend_task/src/components/LogicRunner/ActionsPanel.tsx": {"path":"/Users/wenguangting/Desktop/interview/frontend_task/src/components/LogicRunner/ActionsPanel.tsx","statementMap":{"0":{"start":{"line":13,"column":2},"end":{"line":39,"column":null}},"1":{"start":{"line":24,"column":25},"end":{"line":24,"column":null}},"2":{"start":{"line":33,"column":25},"end":{"line":33,"column":null}}},"fnMap":{"0":{"name":"ActionsPanel","decl":{"start":{"line":9,"column":16},"end":{"line":9,"column":29}},"loc":{"start":{"line":12,"column":22},"end":{"line":41,"column":null}},"line":12},"1":{"name":"(anonymous_1)","decl":{"start":{"line":24,"column":19},"end":{"line":24,"column":25}},"loc":{"start":{"line":24,"column":25},"end":{"line":24,"column":null}},"line":24},"2":{"name":"(anonymous_2)","decl":{"start":{"line":33,"column":19},"end":{"line":33,"column":25}},"loc":{"start":{"line":33,"column":25},"end":{"line":33,"column":null}},"line":33}},"branchMap":{"0":{"loc":{"start":{"line":22,"column":19},"end":{"line":22,"column":null}},"type":"cond-expr","locations":[{"start":{"line":22,"column":43},"end":{"line":22,"column":55}},{"start":{"line":22,"column":55},"end":{"line":22,"column":null}}],"line":22},"1":{"loc":{"start":{"line":31,"column":19},"end":{"line":31,"column":null}},"type":"cond-expr","locations":[{"start":{"line":31,"column":43},"end":{"line":31,"column":55}},{"start":{"line":31,"column":55},"end":{"line":31,"column":null}}],"line":31}},"s":{"0":10,"1":3,"2":2},"f":{"0":10,"1":3,"2":2},"b":{"0":[3,7],"1":[2,8]},"meta":{"lastBranch":2,"lastFunction":3,"lastStatement":3,"seen":{"f:9:16:9:29":0,"s:13:2:39:Infinity":0,"b:22:43:22:55:22:55:22:Infinity":0,"f:24:19:24:25":1,"s:24:25:24:Infinity":1,"b:31:43:31:55:31:55:31:Infinity":1,"f:33:19:33:25":2,"s:33:25:33:Infinity":2}}}
,"/Users/wenguangting/Desktop/interview/frontend_task/src/components/LogicRunner/LogicRunner.tsx": {"path":"/Users/wenguangting/Desktop/interview/frontend_task/src/components/LogicRunner/LogicRunner.tsx","statementMap":{"0":{"start":{"line":19,"column":20},"end":{"line":55,"column":null}},"1":{"start":{"line":20,"column":26},"end":{"line":20,"column":null}},"2":{"start":{"line":21,"column":32},"end":{"line":21,"column":null}},"3":{"start":{"line":23,"column":25},"end":{"line":30,"column":null}},"4":{"start":{"line":24,"column":4},"end":{"line":24,"column":null}},"5":{"start":{"line":26,"column":6},"end":{"line":28,"column":null}},"6":{"start":{"line":29,"column":4},"end":{"line":29,"column":null}},"7":{"start":{"line":32,"column":2},"end":{"line":53,"column":null}}},"fnMap":{"0":{"name":"(anonymous_0)","decl":{"start":{"line":19,"column":20},"end":{"line":19,"column":26}},"loc":{"start":{"line":19,"column":26},"end":{"line":55,"column":null}},"line":19},"1":{"name":"(anonymous_1)","decl":{"start":{"line":23,"column":25},"end":{"line":23,"column":26}},"loc":{"start":{"line":23,"column":54},"end":{"line":30,"column":null}},"line":23}},"branchMap":{"0":{"loc":{"start":{"line":26,"column":6},"end":{"line":28,"column":null}},"type":"cond-expr","locations":[{"start":{"line":26,"column":15},"end":{"line":27,"column":null}},{"start":{"line":27,"column":38},"end":{"line":28,"column":null}}],"line":26}},"s":{"0":1,"1":10,"2":10,"3":10,"4":5,"5":5,"6":5,"7":10},"f":{"0":10,"1":5},"b":{"0":[3,2]},"meta":{"lastBranch":1,"lastFunction":2,"lastStatement":8,"seen":{"s:19:20:55:Infinity":0,"f:19:20:19:26":0,"s:20:26:20:Infinity":1,"s:21:32:21:Infinity":2,"s:23:25:30:Infinity":3,"f:23:25:23:26":1,"s:24:4:24:Infinity":4,"s:26:6:28:Infinity":5,"b:26:15:27:Infinity:27:38:28:Infinity":0,"s:29:4:29:Infinity":6,"s:32:2:53:Infinity":7}}}
,"/Users/wenguangting/Desktop/interview/frontend_task/src/components/LogicRunner/ResultDisplay.tsx": {"path":"/Users/wenguangting/Desktop/interview/frontend_task/src/components/LogicRunner/ResultDisplay.tsx","statementMap":{"0":{"start":{"line":10,"column":2},"end":{"line":37,"column":null}}},"fnMap":{"0":{"name":"ResultDisplay","decl":{"start":{"line":9,"column":16},"end":{"line":9,"column":30}},"loc":{"start":{"line":9,"column":73},"end":{"line":39,"column":null}},"line":9}},"branchMap":{"0":{"loc":{"start":{"line":14,"column":9},"end":{"line":17,"column":null}},"type":"binary-expr","locations":[{"start":{"line":14,"column":9},"end":{"line":14,"column":null}},{"start":{"line":15,"column":10},"end":{"line":17,"column":null}}],"line":14},"1":{"loc":{"start":{"line":16,"column":13},"end":{"line":16,"column":null}},"type":"cond-expr","locations":[{"start":{"line":16,"column":37},"end":{"line":16,"column":48}},{"start":{"line":16,"column":48},"end":{"line":16,"column":null}}],"line":16},"2":{"loc":{"start":{"line":24,"column":13},"end":{"line":32,"column":null}},"type":"cond-expr","locations":[{"start":{"line":25,"column":14},"end":{"line":27,"column":null}},{"start":{"line":29,"column":14},"end":{"line":32,"column":null}}],"line":24}},"s":{"0":10},"f":{"0":10},"b":{"0":[10,5],"1":[3,2],"2":[5,5]},"meta":{"lastBranch":3,"lastFunction":1,"lastStatement":1,"seen":{"f:9:16:9:30":0,"s:10:2:37:Infinity":0,"b:14:9:14:Infinity:15:10:17:Infinity":0,"b:16:37:16:48:16:48:16:Infinity":1,"b:25:14:27:Infinity:29:14:32:Infinity":2}}}
,"/Users/wenguangting/Desktop/interview/frontend_task/src/components/TodoList/TodoItem.tsx": {"path":"/Users/wenguangting/Desktop/interview/frontend_task/src/components/TodoList/TodoItem.tsx","statementMap":{"0":{"start":{"line":13,"column":17},"end":{"line":39,"column":null}},"1":{"start":{"line":14,"column":2},"end":{"line":37,"column":null}},"2":{"start":{"line":19,"column":31},"end":{"line":19,"column":null}},"3":{"start":{"line":32,"column":23},"end":{"line":32,"column":null}}},"fnMap":{"0":{"name":"(anonymous_0)","decl":{"start":{"line":13,"column":17},"end":{"line":13,"column":18}},"loc":{"start":{"line":13,"column":74},"end":{"line":39,"column":null}},"line":13},"1":{"name":"(anonymous_1)","decl":{"start":{"line":19,"column":25},"end":{"line":19,"column":31}},"loc":{"start":{"line":19,"column":31},"end":{"line":19,"column":null}},"line":19},"2":{"name":"(anonymous_2)","decl":{"start":{"line":32,"column":17},"end":{"line":32,"column":23}},"loc":{"start":{"line":32,"column":23},"end":{"line":32,"column":null}},"line":32}},"branchMap":{"0":{"loc":{"start":{"line":23,"column":22},"end":{"line":23,"column":68}},"type":"binary-expr","locations":[{"start":{"line":23,"column":22},"end":{"line":23,"column":40}},{"start":{"line":23,"column":40},"end":{"line":23,"column":68}}],"line":23}},"s":{"0":1,"1":37,"2":4,"3":2},"f":{"0":37,"1":4,"2":2},"b":{"0":[37,4]},"meta":{"lastBranch":1,"lastFunction":3,"lastStatement":4,"seen":{"s:13:17:39:Infinity":0,"f:13:17:13:18":0,"s:14:2:37:Infinity":1,"f:19:25:19:31":1,"s:19:31:19:Infinity":2,"b:23:22:23:40:23:40:23:68":0,"f:32:17:32:23":2,"s:32:23:32:Infinity":3}}}
,"/Users/wenguangting/Desktop/interview/frontend_task/src/components/TodoList/TodoList.tsx": {"path":"/Users/wenguangting/Desktop/interview/frontend_task/src/components/TodoList/TodoList.tsx","statementMap":{"0":{"start":{"line":24,"column":19},"end":{"line":29,"column":null}},"1":{"start":{"line":37,"column":17},"end":{"line":152,"column":null}},"2":{"start":{"line":38,"column":24},"end":{"line":38,"column":null}},"3":{"start":{"line":39,"column":8},"end":{"line":44,"column":null}},"4":{"start":{"line":47,"column":4},"end":{"line":50,"column":null}},"5":{"start":{"line":48,"column":6},"end":{"line":48,"column":null}},"6":{"start":{"line":49,"column":6},"end":{"line":49,"column":null}},"7":{"start":{"line":51,"column":4},"end":{"line":51,"column":null}},"8":{"start":{"line":51,"column":21},"end":{"line":51,"column":null}},"9":{"start":{"line":52,"column":4},"end":{"line":55,"column":null}},"10":{"start":{"line":52,"column":23},"end":{"line":55,"column":5}},"11":{"start":{"line":56,"column":4},"end":{"line":56,"column":null}},"12":{"start":{"line":60,"column":21},"end":{"line":60,"column":null}},"13":{"start":{"line":61,"column":4},"end":{"line":66,"column":null}},"14":{"start":{"line":62,"column":6},"end":{"line":65,"column":null}},"15":{"start":{"line":63,"column":8},"end":{"line":63,"column":null}},"16":{"start":{"line":64,"column":8},"end":{"line":64,"column":null}},"17":{"start":{"line":67,"column":4},"end":{"line":67,"column":null}},"18":{"start":{"line":71,"column":21},"end":{"line":71,"column":null}},"19":{"start":{"line":71,"column":44},"end":{"line":71,"column":58}},"20":{"start":{"line":72,"column":4},"end":{"line":72,"column":null}},"21":{"start":{"line":75,"column":2},"end":{"line":150,"column":null}},"22":{"start":{"line":91,"column":16},"end":{"line":108,"column":null}},"23":{"start":{"line":119,"column":29},"end":{"line":119,"column":null}},"24":{"start":{"line":140,"column":14},"end":{"line":145,"column":null}}},"fnMap":{"0":{"name":"(anonymous_0)","decl":{"start":{"line":37,"column":17},"end":{"line":37,"column":23}},"loc":{"start":{"line":37,"column":23},"end":{"line":152,"column":null}},"line":37},"1":{"name":"onSubmit","decl":{"start":{"line":46,"column":11},"end":{"line":46,"column":20}},"loc":{"start":{"line":46,"column":54},"end":{"line":57,"column":null}},"line":46},"2":{"name":"(anonymous_2)","decl":{"start":{"line":52,"column":13},"end":{"line":52,"column":14}},"loc":{"start":{"line":52,"column":23},"end":{"line":55,"column":5}},"line":52},"3":{"name":"toggleCompleted","decl":{"start":{"line":59,"column":11},"end":{"line":59,"column":27}},"loc":{"start":{"line":59,"column":43},"end":{"line":68,"column":null}},"line":59},"4":{"name":"removeTodo","decl":{"start":{"line":70,"column":11},"end":{"line":70,"column":22}},"loc":{"start":{"line":70,"column":38},"end":{"line":73,"column":null}},"line":70},"5":{"name":"(anonymous_5)","decl":{"start":{"line":71,"column":34},"end":{"line":71,"column":35}},"loc":{"start":{"line":71,"column":44},"end":{"line":71,"column":58}},"line":71},"6":{"name":"(anonymous_6)","decl":{"start":{"line":90,"column":22},"end":{"line":90,"column":23}},"loc":{"start":{"line":91,"column":16},"end":{"line":108,"column":null}},"line":91},"7":{"name":"(anonymous_7)","decl":{"start":{"line":119,"column":23},"end":{"line":119,"column":29}},"loc":{"start":{"line":119,"column":29},"end":{"line":119,"column":null}},"line":119},"8":{"name":"(anonymous_8)","decl":{"start":{"line":139,"column":23},"end":{"line":139,"column":24}},"loc":{"start":{"line":140,"column":14},"end":{"line":145,"column":null}},"line":140}},"branchMap":{"0":{"loc":{"start":{"line":47,"column":4},"end":{"line":50,"column":null}},"type":"if","locations":[{"start":{"line":47,"column":4},"end":{"line":50,"column":null}},{"start":{},"end":{}}],"line":47},"1":{"loc":{"start":{"line":51,"column":4},"end":{"line":51,"column":null}},"type":"if","locations":[{"start":{"line":51,"column":4},"end":{"line":51,"column":null}},{"start":{},"end":{}}],"line":51},"2":{"loc":{"start":{"line":62,"column":6},"end":{"line":65,"column":null}},"type":"if","locations":[{"start":{"line":62,"column":6},"end":{"line":65,"column":null}},{"start":{},"end":{}}],"line":62},"3":{"loc":{"start":{"line":105,"column":19},"end":{"line":106,"column":null}},"type":"binary-expr","locations":[{"start":{"line":105,"column":19},"end":{"line":105,"column":null}},{"start":{"line":106,"column":20},"end":{"line":106,"column":null}}],"line":105}},"s":{"0":1,"1":1,"2":46,"3":46,"4":16,"5":1,"6":1,"7":15,"8":0,"9":15,"10":15,"11":15,"12":4,"13":4,"14":5,"15":4,"16":4,"17":4,"18":2,"19":4,"20":2,"21":46,"22":266,"23":1,"24":37},"f":{"0":46,"1":16,"2":15,"3":4,"4":2,"5":4,"6":266,"7":1,"8":37},"b":{"0":[1,15],"1":[0,15],"2":[4,1],"3":[266,3]},"meta":{"lastBranch":4,"lastFunction":9,"lastStatement":25,"seen":{"s:24:19:29:Infinity":0,"s:37:17:152:Infinity":1,"f:37:17:37:23":0,"s:38:24:38:Infinity":2,"s:39:8:44:Infinity":3,"f:46:11:46:20":1,"b:47:4:50:Infinity:undefined:undefined:undefined:undefined":0,"s:47:4:50:Infinity":4,"s:48:6:48:Infinity":5,"s:49:6:49:Infinity":6,"b:51:4:51:Infinity:undefined:undefined:undefined:undefined":1,"s:51:4:51:Infinity":7,"s:51:21:51:Infinity":8,"s:52:4:55:Infinity":9,"f:52:13:52:14":2,"s:52:23:55:5":10,"s:56:4:56:Infinity":11,"f:59:11:59:27":3,"s:60:21:60:Infinity":12,"s:61:4:66:Infinity":13,"b:62:6:65:Infinity:undefined:undefined:undefined:undefined":2,"s:62:6:65:Infinity":14,"s:63:8:63:Infinity":15,"s:64:8:64:Infinity":16,"s:67:4:67:Infinity":17,"f:70:11:70:22":4,"s:71:21:71:Infinity":18,"f:71:34:71:35":5,"s:71:44:71:58":19,"s:72:4:72:Infinity":20,"s:75:2:150:Infinity":21,"f:90:22:90:23":6,"s:91:16:108:Infinity":22,"b:105:19:105:Infinity:106:20:106:Infinity":3,"f:119:23:119:29":7,"s:119:29:119:Infinity":23,"f:139:23:139:24":8,"s:140:14:145:Infinity":24}}}
,"/Users/wenguangting/Desktop/interview/frontend_task/src/components/orders/server-managed/OrderManagementServer.tsx": {"path":"/Users/wenguangting/Desktop/interview/frontend_task/src/components/orders/server-managed/OrderManagementServer.tsx","statementMap":{"0":{"start":{"line":19,"column":36},"end":{"line":105,"column":null}},"1":{"start":{"line":29,"column":2},"end":{"line":29,"column":null}},"2":{"start":{"line":31,"column":22},"end":{"line":34,"column":null}},"3":{"start":{"line":32,"column":4},"end":{"line":32,"column":null}},"4":{"start":{"line":33,"column":4},"end":{"line":33,"column":null}},"5":{"start":{"line":36,"column":20},"end":{"line":42,"column":null}},"6":{"start":{"line":44,"column":2},"end":{"line":103,"column":null}},"7":{"start":{"line":59,"column":14},"end":{"line":59,"column":null}},"8":{"start":{"line":68,"column":14},"end":{"line":71,"column":null}},"9":{"start":{"line":79,"column":14},"end":{"line":82,"column":null}},"10":{"start":{"line":89,"column":29},"end":{"line":89,"column":null}},"11":{"start":{"line":107,"column":30},"end":{"line":113,"column":null}},"12":{"start":{"line":108,"column":2},"end":{"line":111,"column":null}}},"fnMap":{"0":{"name":"(anonymous_0)","decl":{"start":{"line":19,"column":36},"end":{"line":19,"column":42}},"loc":{"start":{"line":19,"column":42},"end":{"line":105,"column":null}},"line":19},"1":{"name":"(anonymous_1)","decl":{"start":{"line":31,"column":22},"end":{"line":31,"column":28}},"loc":{"start":{"line":31,"column":28},"end":{"line":34,"column":null}},"line":31},"2":{"name":"(anonymous_2)","decl":{"start":{"line":58,"column":22},"end":{"line":58,"column":23}},"loc":{"start":{"line":59,"column":14},"end":{"line":59,"column":null}},"line":59},"3":{"name":"(anonymous_3)","decl":{"start":{"line":67,"column":28},"end":{"line":67,"column":29}},"loc":{"start":{"line":68,"column":14},"end":{"line":71,"column":null}},"line":68},"4":{"name":"(anonymous_4)","decl":{"start":{"line":78,"column":28},"end":{"line":78,"column":29}},"loc":{"start":{"line":79,"column":14},"end":{"line":82,"column":null}},"line":79},"5":{"name":"(anonymous_5)","decl":{"start":{"line":89,"column":23},"end":{"line":89,"column":29}},"loc":{"start":{"line":89,"column":29},"end":{"line":89,"column":null}},"line":89},"6":{"name":"(anonymous_6)","decl":{"start":{"line":107,"column":30},"end":{"line":107,"column":36}},"loc":{"start":{"line":107,"column":36},"end":{"line":113,"column":null}},"line":107}},"branchMap":{"0":{"loc":{"start":{"line":66,"column":28},"end":{"line":66,"column":null}},"type":"binary-expr","locations":[{"start":{"line":66,"column":28},"end":{"line":66,"column":49}},{"start":{"line":66,"column":49},"end":{"line":66,"column":null}}],"line":66},"1":{"loc":{"start":{"line":77,"column":28},"end":{"line":77,"column":null}},"type":"binary-expr","locations":[{"start":{"line":77,"column":28},"end":{"line":77,"column":57}},{"start":{"line":77,"column":57},"end":{"line":77,"column":null}}],"line":77},"2":{"loc":{"start":{"line":86,"column":11},"end":{"line":94,"column":null}},"type":"binary-expr","locations":[{"start":{"line":86,"column":11},"end":{"line":86,"column":null}},{"start":{"line":87,"column":12},"end":{"line":94,"column":null}}],"line":86},"3":{"loc":{"start":{"line":97,"column":9},"end":{"line":100,"column":null}},"type":"cond-expr","locations":[{"start":{"line":98,"column":10},"end":{"line":98,"column":null}},{"start":{"line":100,"column":10},"end":{"line":100,"column":null}}],"line":97}},"s":{"0":1,"1":320,"2":320,"3":2,"4":2,"5":320,"6":320,"7":53,"8":5,"9":2,"10":2,"11":1,"12":45},"f":{"0":320,"1":2,"2":53,"3":5,"4":2,"5":2,"6":45},"b":{"0":[320,307],"1":[320,316],"2":[320,122],"3":[223,97]},"meta":{"lastBranch":4,"lastFunction":7,"lastStatement":13,"seen":{"s:19:36:105:Infinity":0,"f:19:36:19:42":0,"s:29:2:29:Infinity":1,"s:31:22:34:Infinity":2,"f:31:22:31:28":1,"s:32:4:32:Infinity":3,"s:33:4:33:Infinity":4,"s:36:20:42:Infinity":5,"s:44:2:103:Infinity":6,"f:58:22:58:23":2,"s:59:14:59:Infinity":7,"b:66:28:66:49:66:49:66:Infinity":0,"f:67:28:67:29":3,"s:68:14:71:Infinity":8,"b:77:28:77:57:77:57:77:Infinity":1,"f:78:28:78:29":4,"s:79:14:82:Infinity":9,"b:86:11:86:Infinity:87:12:94:Infinity":2,"f:89:23:89:29":5,"s:89:29:89:Infinity":10,"b:98:10:98:Infinity:100:10:100:Infinity":3,"s:107:30:113:Infinity":11,"f:107:30:107:36":6,"s:108:2:111:Infinity":12}}}
,"/Users/wenguangting/Desktop/interview/frontend_task/src/components/orders/server-managed/OrderTable.tsx": {"path":"/Users/wenguangting/Desktop/interview/frontend_task/src/components/orders/server-managed/OrderTable.tsx","statementMap":{"0":{"start":{"line":25,"column":19},"end":{"line":201,"column":null}},"1":{"start":{"line":35,"column":2},"end":{"line":35,"column":null}},"2":{"start":{"line":37,"column":21},"end":{"line":42,"column":null}},"3":{"start":{"line":44,"column":27},"end":{"line":49,"column":null}},"4":{"start":{"line":45,"column":4},"end":{"line":47,"column":null}},"5":{"start":{"line":46,"column":6},"end":{"line":46,"column":null}},"6":{"start":{"line":48,"column":4},"end":{"line":48,"column":null}},"7":{"start":{"line":51,"column":23},"end":{"line":56,"column":null}},"8":{"start":{"line":52,"column":4},"end":{"line":55,"column":null}},"9":{"start":{"line":59,"column":4},"end":{"line":59,"column":null}},"10":{"start":{"line":59,"column":49},"end":{"line":59,"column":71}},"11":{"start":{"line":60,"column":33},"end":{"line":60,"column":null}},"12":{"start":{"line":60,"column":56},"end":{"line":60,"column":78}},"13":{"start":{"line":62,"column":28},"end":{"line":62,"column":null}},"14":{"start":{"line":64,"column":2},"end":{"line":199,"column":null}},"15":{"start":{"line":77,"column":20},"end":{"line":80,"column":null}},"16":{"start":{"line":95,"column":41},"end":{"line":95,"column":null}},"17":{"start":{"line":107,"column":41},"end":{"line":107,"column":null}},"18":{"start":{"line":115,"column":16},"end":{"line":172,"column":null}},"19":{"start":{"line":123,"column":24},"end":{"line":129,"column":null}},"20":{"start":{"line":158,"column":24},"end":{"line":167,"column":null}},"21":{"start":{"line":192,"column":12},"end":{"line":192,"column":null}},"22":{"start":{"line":195,"column":12},"end":{"line":195,"column":null}}},"fnMap":{"0":{"name":"(anonymous_0)","decl":{"start":{"line":25,"column":19},"end":{"line":25,"column":25}},"loc":{"start":{"line":25,"column":25},"end":{"line":201,"column":null}},"line":25},"1":{"name":"(anonymous_1)","decl":{"start":{"line":44,"column":27},"end":{"line":44,"column":28}},"loc":{"start":{"line":44,"column":49},"end":{"line":49,"column":null}},"line":44},"2":{"name":"(anonymous_2)","decl":{"start":{"line":51,"column":23},"end":{"line":51,"column":24}},"loc":{"start":{"line":51,"column":74},"end":{"line":56,"column":null}},"line":51},"3":{"name":"(anonymous_3)","decl":{"start":{"line":59,"column":38},"end":{"line":59,"column":39}},"loc":{"start":{"line":59,"column":49},"end":{"line":59,"column":71}},"line":59},"4":{"name":"(anonymous_4)","decl":{"start":{"line":60,"column":45},"end":{"line":60,"column":46}},"loc":{"start":{"line":60,"column":56},"end":{"line":60,"column":78}},"line":60},"5":{"name":"(anonymous_5)","decl":{"start":{"line":76,"column":35},"end":{"line":76,"column":36}},"loc":{"start":{"line":77,"column":20},"end":{"line":80,"column":null}},"line":77},"6":{"name":"(anonymous_6)","decl":{"start":{"line":95,"column":26},"end":{"line":95,"column":27}},"loc":{"start":{"line":95,"column":41},"end":{"line":95,"column":null}},"line":95},"7":{"name":"(anonymous_7)","decl":{"start":{"line":107,"column":26},"end":{"line":107,"column":27}},"loc":{"start":{"line":107,"column":41},"end":{"line":107,"column":null}},"line":107},"8":{"name":"(anonymous_8)","decl":{"start":{"line":114,"column":25},"end":{"line":114,"column":26}},"loc":{"start":{"line":115,"column":16},"end":{"line":172,"column":null}},"line":115},"9":{"name":"(anonymous_9)","decl":{"start":{"line":122,"column":39},"end":{"line":122,"column":40}},"loc":{"start":{"line":123,"column":24},"end":{"line":129,"column":null}},"line":123},"10":{"name":"(anonymous_10)","decl":{"start":{"line":157,"column":38},"end":{"line":157,"column":39}},"loc":{"start":{"line":158,"column":24},"end":{"line":167,"column":null}},"line":158},"11":{"name":"(anonymous_11)","decl":{"start":{"line":191,"column":24},"end":{"line":191,"column":25}},"loc":{"start":{"line":192,"column":12},"end":{"line":192,"column":null}},"line":192},"12":{"name":"(anonymous_12)","decl":{"start":{"line":194,"column":28},"end":{"line":194,"column":29}},"loc":{"start":{"line":195,"column":12},"end":{"line":195,"column":null}},"line":195}},"branchMap":{"0":{"loc":{"start":{"line":45,"column":4},"end":{"line":47,"column":null}},"type":"if","locations":[{"start":{"line":45,"column":4},"end":{"line":47,"column":null}},{"start":{},"end":{}}],"line":45},"1":{"loc":{"start":{"line":54,"column":15},"end":{"line":54,"column":null}},"type":"cond-expr","locations":[{"start":{"line":54,"column":27},"end":{"line":54,"column":47}},{"start":{"line":54,"column":47},"end":{"line":54,"column":null}}],"line":54},"2":{"loc":{"start":{"line":59,"column":4},"end":{"line":59,"column":null}},"type":"binary-expr","locations":[{"start":{"line":59,"column":4},"end":{"line":59,"column":25}},{"start":{"line":59,"column":25},"end":{"line":59,"column":null}}],"line":59},"3":{"loc":{"start":{"line":73,"column":20},"end":{"line":74,"column":null}},"type":"binary-expr","locations":[{"start":{"line":73,"column":20},"end":{"line":73,"column":null}},{"start":{"line":74,"column":21},"end":{"line":74,"column":47}},{"start":{"line":74,"column":47},"end":{"line":74,"column":null}}],"line":73},"4":{"loc":{"start":{"line":113,"column":13},"end":{"line":179,"column":null}},"type":"cond-expr","locations":[{"start":{"line":114,"column":14},"end":{"line":173,"column":null}},{"start":{"line":175,"column":14},"end":{"line":179,"column":null}}],"line":113},"5":{"loc":{"start":{"line":117,"column":30},"end":{"line":117,"column":null}},"type":"binary-expr","locations":[{"start":{"line":117,"column":30},"end":{"line":117,"column":56}},{"start":{"line":117,"column":56},"end":{"line":117,"column":null}}],"line":117},"6":{"loc":{"start":{"line":121,"column":31},"end":{"line":121,"column":null}},"type":"binary-expr","locations":[{"start":{"line":121,"column":31},"end":{"line":121,"column":57}},{"start":{"line":121,"column":57},"end":{"line":121,"column":null}}],"line":121}},"s":{"0":1,"1":97,"2":97,"3":97,"4":194,"5":18,"6":176,"7":97,"8":12,"9":97,"10":108,"11":97,"12":455,"13":97,"14":97,"15":3,"16":6,"17":6,"18":479,"19":4,"20":1,"21":7,"22":1},"f":{"0":97,"1":194,"2":12,"3":108,"4":455,"5":3,"6":6,"7":6,"8":479,"9":4,"10":1,"11":7,"12":1},"b":{"0":[18,176],"1":[10,2],"2":[97,96],"3":[97,95,4],"4":[96,1],"5":[479,14],"6":[479,465]},"meta":{"lastBranch":7,"lastFunction":13,"lastStatement":23,"seen":{"s:25:19:201:Infinity":0,"f:25:19:25:25":0,"s:35:2:35:Infinity":1,"s:37:21:42:Infinity":2,"s:44:27:49:Infinity":3,"f:44:27:44:28":1,"b:45:4:47:Infinity:undefined:undefined:undefined:undefined":0,"s:45:4:47:Infinity":4,"s:46:6:46:Infinity":5,"s:48:4:48:Infinity":6,"s:51:23:56:Infinity":7,"f:51:23:51:24":2,"s:52:4:55:Infinity":8,"b:54:27:54:47:54:47:54:Infinity":1,"s:59:4:59:Infinity":9,"b:59:4:59:25:59:25:59:Infinity":2,"f:59:38:59:39":3,"s:59:49:59:71":10,"s:60:33:60:Infinity":11,"f:60:45:60:46":4,"s:60:56:60:78":12,"s:62:28:62:Infinity":13,"s:64:2:199:Infinity":14,"b:73:20:73:Infinity:74:21:74:47:74:47:74:Infinity":3,"f:76:35:76:36":5,"s:77:20:80:Infinity":15,"f:95:26:95:27":6,"s:95:41:95:Infinity":16,"f:107:26:107:27":7,"s:107:41:107:Infinity":17,"b:114:14:173:Infinity:175:14:179:Infinity":4,"f:114:25:114:26":8,"s:115:16:172:Infinity":18,"b:117:30:117:56:117:56:117:Infinity":5,"b:121:31:121:57:121:57:121:Infinity":6,"f:122:39:122:40":9,"s:123:24:129:Infinity":19,"f:157:38:157:39":10,"s:158:24:167:Infinity":20,"f:191:24:191:25":11,"s:192:12:192:Infinity":21,"f:194:28:194:29":12,"s:195:12:195:Infinity":22}}}
,"/Users/wenguangting/Desktop/interview/frontend_task/src/components/orders/server-managed/OrdersTableSkeleton.tsx": {"path":"/Users/wenguangting/Desktop/interview/frontend_task/src/components/orders/server-managed/OrdersTableSkeleton.tsx","statementMap":{"0":{"start":{"line":15,"column":28},"end":{"line":49,"column":null}},"1":{"start":{"line":16,"column":2},"end":{"line":47,"column":null}},"2":{"start":{"line":23,"column":16},"end":{"line":25,"column":null}},"3":{"start":{"line":31,"column":14},"end":{"line":37,"column":null}},"4":{"start":{"line":33,"column":18},"end":{"line":35,"column":null}}},"fnMap":{"0":{"name":"(anonymous_0)","decl":{"start":{"line":15,"column":28},"end":{"line":15,"column":29}},"loc":{"start":{"line":15,"column":76},"end":{"line":49,"column":null}},"line":15},"1":{"name":"(anonymous_1)","decl":{"start":{"line":22,"column":33},"end":{"line":22,"column":34}},"loc":{"start":{"line":23,"column":16},"end":{"line":25,"column":null}},"line":23},"2":{"name":"(anonymous_2)","decl":{"start":{"line":30,"column":38},"end":{"line":30,"column":39}},"loc":{"start":{"line":31,"column":14},"end":{"line":37,"column":null}},"line":31},"3":{"name":"(anonymous_3)","decl":{"start":{"line":32,"column":35},"end":{"line":32,"column":36}},"loc":{"start":{"line":33,"column":18},"end":{"line":35,"column":null}},"line":33}},"branchMap":{"0":{"loc":{"start":{"line":15,"column":31},"end":{"line":15,"column":44}},"type":"default-arg","locations":[{"start":{"line":15,"column":42},"end":{"line":15,"column":44}}],"line":15}},"s":{"0":1,"1":223,"2":1784,"3":1120,"4":8960},"f":{"0":223,"1":1784,"2":1120,"3":8960},"b":{"0":[223]},"meta":{"lastBranch":1,"lastFunction":4,"lastStatement":5,"seen":{"s:15:28:49:Infinity":0,"f:15:28:15:29":0,"b:15:42:15:44":0,"s:16:2:47:Infinity":1,"f:22:33:22:34":1,"s:23:16:25:Infinity":2,"f:30:38:30:39":2,"s:31:14:37:Infinity":3,"f:32:35:32:36":3,"s:33:18:35:Infinity":4}}}
,"/Users/wenguangting/Desktop/interview/frontend_task/src/components/orders/shared/AmountCell.tsx": {"path":"/Users/wenguangting/Desktop/interview/frontend_task/src/components/orders/shared/AmountCell.tsx","statementMap":{"0":{"start":{"line":5,"column":26},"end":{"line":13,"column":null}},"1":{"start":{"line":6,"column":26},"end":{"line":10,"column":null}},"2":{"start":{"line":12,"column":2},"end":{"line":12,"column":null}}},"fnMap":{"0":{"name":"(anonymous_0)","decl":{"start":{"line":5,"column":26},"end":{"line":5,"column":27}},"loc":{"start":{"line":5,"column":59},"end":{"line":13,"column":null}},"line":5}},"branchMap":{},"s":{"0":1,"1":479,"2":479},"f":{"0":479},"b":{},"meta":{"lastBranch":0,"lastFunction":1,"lastStatement":3,"seen":{"s:5:26:13:Infinity":0,"f:5:26:5:27":0,"s:6:26:10:Infinity":1,"s:12:2:12:Infinity":2}}}
,"/Users/wenguangting/Desktop/interview/frontend_task/src/components/orders/shared/DeliveryStatusCell.tsx": {"path":"/Users/wenguangting/Desktop/interview/frontend_task/src/components/orders/shared/DeliveryStatusCell.tsx","statementMap":{"0":{"start":{"line":21,"column":34},"end":{"line":66,"column":null}},"1":{"start":{"line":26,"column":26},"end":{"line":26,"column":null}},"2":{"start":{"line":28,"column":29},"end":{"line":48,"column":null}},"3":{"start":{"line":29,"column":20},"end":{"line":40,"column":null}},"4":{"start":{"line":30,"column":6},"end":{"line":40,"column":null}},"5":{"start":{"line":30,"column":35},"end":{"line":39,"column":null}},"6":{"start":{"line":33,"column":12},"end":{"line":33,"column":null}},"7":{"start":{"line":34,"column":12},"end":{"line":34,"column":null}},"8":{"start":{"line":35,"column":12},"end":{"line":35,"column":null}},"9":{"start":{"line":38,"column":12},"end":{"line":38,"column":null}},"10":{"start":{"line":42,"column":4},"end":{"line":47,"column":null}},"11":{"start":{"line":45,"column":8},"end":{"line":45,"column":null}},"12":{"start":{"line":46,"column":22},"end":{"line":46,"column":null}},"13":{"start":{"line":50,"column":2},"end":{"line":64,"column":null}},"14":{"start":{"line":58,"column":12},"end":{"line":60,"column":null}}},"fnMap":{"0":{"name":"(anonymous_0)","decl":{"start":{"line":21,"column":34},"end":{"line":21,"column":35}},"loc":{"start":{"line":25,"column":31},"end":{"line":66,"column":null}},"line":25},"1":{"name":"(anonymous_1)","decl":{"start":{"line":28,"column":29},"end":{"line":28,"column":36}},"loc":{"start":{"line":28,"column":58},"end":{"line":48,"column":null}},"line":28},"2":{"name":"(anonymous_2)","decl":{"start":{"line":29,"column":20},"end":{"line":29,"column":null}},"loc":{"start":{"line":30,"column":6},"end":{"line":40,"column":null}},"line":30},"3":{"name":"(anonymous_3)","decl":{"start":{"line":30,"column":25},"end":{"line":30,"column":26}},"loc":{"start":{"line":30,"column":35},"end":{"line":39,"column":null}},"line":30},"4":{"name":"(anonymous_4)","decl":{"start":{"line":32,"column":16},"end":{"line":32,"column":17}},"loc":{"start":{"line":32,"column":34},"end":{"line":36,"column":11}},"line":32},"5":{"name":"(anonymous_5)","decl":{"start":{"line":37,"column":17},"end":{"line":37,"column":18}},"loc":{"start":{"line":37,"column":26},"end":{"line":39,"column":11}},"line":37},"6":{"name":"(anonymous_6)","decl":{"start":{"line":44,"column":15},"end":{"line":44,"column":16}},"loc":{"start":{"line":45,"column":8},"end":{"line":45,"column":null}},"line":45},"7":{"name":"(anonymous_7)","decl":{"start":{"line":46,"column":13},"end":{"line":46,"column":14}},"loc":{"start":{"line":46,"column":22},"end":{"line":46,"column":null}},"line":46},"8":{"name":"(anonymous_8)","decl":{"start":{"line":57,"column":33},"end":{"line":57,"column":34}},"loc":{"start":{"line":58,"column":12},"end":{"line":60,"column":null}},"line":58}},"branchMap":{},"s":{"0":1,"1":479,"2":479,"3":1,"4":1,"5":1,"6":1,"7":1,"8":1,"9":0,"10":1,"11":0,"12":0,"13":479,"14":2395},"f":{"0":479,"1":1,"2":1,"3":1,"4":1,"5":0,"6":0,"7":0,"8":2395},"b":{},"meta":{"lastBranch":0,"lastFunction":9,"lastStatement":15,"seen":{"s:21:34:66:Infinity":0,"f:21:34:21:35":0,"s:26:26:26:Infinity":1,"s:28:29:48:Infinity":2,"f:28:29:28:36":1,"s:29:20:40:Infinity":3,"f:29:20:29:Infinity":2,"s:30:6:40:Infinity":4,"f:30:25:30:26":3,"s:30:35:39:Infinity":5,"f:32:16:32:17":4,"s:33:12:33:Infinity":6,"s:34:12:34:Infinity":7,"s:35:12:35:Infinity":8,"f:37:17:37:18":5,"s:38:12:38:Infinity":9,"s:42:4:47:Infinity":10,"f:44:15:44:16":6,"s:45:8:45:Infinity":11,"f:46:13:46:14":7,"s:46:22:46:Infinity":12,"s:50:2:64:Infinity":13,"f:57:33:57:34":8,"s:58:12:60:Infinity":14}}}
,"/Users/wenguangting/Desktop/interview/frontend_task/src/components/orders/shared/OrderTableStats.tsx": {"path":"/Users/wenguangting/Desktop/interview/frontend_task/src/components/orders/shared/OrderTableStats.tsx","statementMap":{"0":{"start":{"line":15,"column":24},"end":{"line":79,"column":null}},"1":{"start":{"line":22,"column":6},"end":{"line":22,"column":null}},"2":{"start":{"line":24,"column":26},"end":{"line":28,"column":null}},"3":{"start":{"line":30,"column":2},"end":{"line":77,"column":null}}},"fnMap":{"0":{"name":"(anonymous_0)","decl":{"start":{"line":15,"column":24},"end":{"line":15,"column":25}},"loc":{"start":{"line":15,"column":61},"end":{"line":79,"column":null}},"line":15}},"branchMap":{},"s":{"0":1,"1":320,"2":320,"3":320},"f":{"0":320},"b":{},"meta":{"lastBranch":0,"lastFunction":1,"lastStatement":4,"seen":{"s:15:24:79:Infinity":0,"f:15:24:15:25":0,"s:22:6:22:Infinity":1,"s:24:26:28:Infinity":2,"s:30:2:77:Infinity":3}}}
,"/Users/wenguangting/Desktop/interview/frontend_task/src/components/orders/shared/constants.tsx": {"path":"/Users/wenguangting/Desktop/interview/frontend_task/src/components/orders/shared/constants.tsx","statementMap":{"0":{"start":{"line":12,"column":54},"end":{"line":17,"column":null}},"1":{"start":{"line":19,"column":34},"end":{"line":24,"column":null}},"2":{"start":{"line":26,"column":36},"end":{"line":30,"column":null}},"3":{"start":{"line":32,"column":65},"end":{"line":36,"column":null}},"4":{"start":{"line":38,"column":34},"end":{"line":59,"column":null}},"5":{"start":{"line":61,"column":42},"end":{"line":87,"column":null}}},"fnMap":{},"branchMap":{},"s":{"0":1,"1":1,"2":1,"3":1,"4":1,"5":1},"f":{},"b":{},"meta":{"lastBranch":0,"lastFunction":0,"lastStatement":6,"seen":{"s:12:54:17:Infinity":0,"s:19:34:24:Infinity":1,"s:26:36:30:Infinity":2,"s:32:65:36:Infinity":3,"s:38:34:59:Infinity":4,"s:61:42:87:Infinity":5}}}
,"/Users/wenguangting/Desktop/interview/frontend_task/src/components/ui/ComboBoxResponsive.tsx": {"path":"/Users/wenguangting/Desktop/interview/frontend_task/src/components/ui/ComboBoxResponsive.tsx","statementMap":{"0":{"start":{"line":30,"column":27},"end":{"line":108,"column":null}},"1":{"start":{"line":36,"column":8},"end":{"line":36,"column":null}},"2":{"start":{"line":37,"column":24},"end":{"line":37,"column":null}},"3":{"start":{"line":40,"column":4},"end":{"line":76,"column":null}},"4":{"start":{"line":62,"column":36},"end":{"line":62,"column":68}},"5":{"start":{"line":64,"column":18},"end":{"line":70,"column":null}},"6":{"start":{"line":79,"column":2},"end":{"line":92,"column":null}},"7":{"start":{"line":80,"column":4},"end":{"line":90,"column":null}},"8":{"start":{"line":94,"column":2},"end":{"line":106,"column":null}},"9":{"start":{"line":116,"column":19},"end":{"line":173,"column":null}},"10":{"start":{"line":121,"column":2},"end":{"line":171,"column":null}},"11":{"start":{"line":128,"column":31},"end":{"line":128,"column":null}},"12":{"start":{"line":129,"column":12},"end":{"line":166,"column":null}},"13":{"start":{"line":135,"column":18},"end":{"line":135,"column":null}}},"fnMap":{"0":{"name":"(anonymous_0)","decl":{"start":{"line":30,"column":27},"end":{"line":30,"column":28}},"loc":{"start":{"line":35,"column":31},"end":{"line":108,"column":null}},"line":35},"1":{"name":"(anonymous_1)","decl":{"start":{"line":62,"column":24},"end":{"line":62,"column":25}},"loc":{"start":{"line":62,"column":36},"end":{"line":62,"column":68}},"line":62},"2":{"name":"(anonymous_2)","decl":{"start":{"line":63,"column":21},"end":{"line":63,"column":22}},"loc":{"start":{"line":64,"column":18},"end":{"line":70,"column":null}},"line":64},"3":{"name":"(anonymous_3)","decl":{"start":{"line":116,"column":19},"end":{"line":116,"column":20}},"loc":{"start":{"line":120,"column":23},"end":{"line":173,"column":null}},"line":120},"4":{"name":"(anonymous_4)","decl":{"start":{"line":127,"column":24},"end":{"line":127,"column":25}},"loc":{"start":{"line":127,"column":34},"end":{"line":168,"column":11}},"line":127},"5":{"name":"(anonymous_5)","decl":{"start":{"line":134,"column":26},"end":{"line":134,"column":32}},"loc":{"start":{"line":134,"column":32},"end":{"line":136,"column":null}},"line":134}},"branchMap":{"0":{"loc":{"start":{"line":43,"column":7},"end":{"line":74,"column":null}},"type":"binary-expr","locations":[{"start":{"line":43,"column":7},"end":{"line":43,"column":null}},{"start":{"line":44,"column":8},"end":{"line":74,"column":null}}],"line":43},"1":{"loc":{"start":{"line":53,"column":13},"end":{"line":71,"column":null}},"type":"cond-expr","locations":[{"start":{"line":54,"column":14},"end":{"line":59,"column":null}},{"start":{"line":61,"column":14},"end":{"line":71,"column":null}}],"line":53},"2":{"loc":{"start":{"line":79,"column":2},"end":{"line":92,"column":null}},"type":"if","locations":[{"start":{"line":79,"column":2},"end":{"line":92,"column":null}},{"start":{},"end":{}}],"line":79},"3":{"loc":{"start":{"line":140,"column":20},"end":{"line":142,"column":null}},"type":"cond-expr","locations":[{"start":{"line":141,"column":24},"end":{"line":141,"column":null}},{"start":{"line":142,"column":24},"end":{"line":142,"column":null}}],"line":140},"4":{"loc":{"start":{"line":160,"column":17},"end":{"line":163,"column":null}},"type":"binary-expr","locations":[{"start":{"line":160,"column":17},"end":{"line":160,"column":null}},{"start":{"line":161,"column":18},"end":{"line":163,"column":null}}],"line":160}},"s":{"0":1,"1":640,"2":640,"3":640,"4":72,"5":17,"6":640,"7":640,"8":0,"9":1,"10":22,"11":94,"12":94,"13":7},"f":{"0":640,"1":72,"2":17,"3":22,"4":94,"5":7},"b":{"0":[640,17],"1":[0,17],"2":[640,0],"3":[15,79],"4":[94,94]},"meta":{"lastBranch":5,"lastFunction":6,"lastStatement":14,"seen":{"s:30:27:108:Infinity":0,"f:30:27:30:28":0,"s:36:8:36:Infinity":1,"s:37:24:37:Infinity":2,"s:40:4:76:Infinity":3,"b:43:7:43:Infinity:44:8:74:Infinity":0,"b:54:14:59:Infinity:61:14:71:Infinity":1,"f:62:24:62:25":1,"s:62:36:62:68":4,"f:63:21:63:22":2,"s:64:18:70:Infinity":5,"b:79:2:92:Infinity:undefined:undefined:undefined:undefined":2,"s:79:2:92:Infinity":6,"s:80:4:90:Infinity":7,"s:94:2:106:Infinity":8,"s:116:19:173:Infinity":9,"f:116:19:116:20":3,"s:121:2:171:Infinity":10,"f:127:24:127:25":4,"s:128:31:128:Infinity":11,"s:129:12:166:Infinity":12,"f:134:26:134:32":5,"s:135:18:135:Infinity":13,"b:141:24:141:Infinity:142:24:142:Infinity":3,"b:160:17:160:Infinity:161:18:163:Infinity":4}}}
,"/Users/wenguangting/Desktop/interview/frontend_task/src/components/ui/StatusBadge.tsx": {"path":"/Users/wenguangting/Desktop/interview/frontend_task/src/components/ui/StatusBadge.tsx","statementMap":{"0":{"start":{"line":15,"column":27},"end":{"line":42,"column":null}},"1":{"start":{"line":22,"column":28},"end":{"line":22,"column":null}},"2":{"start":{"line":23,"column":21},"end":{"line":23,"column":null}},"3":{"start":{"line":25,"column":15},"end":{"line":25,"column":null}},"4":{"start":{"line":26,"column":25},"end":{"line":26,"column":null}},"5":{"start":{"line":28,"column":2},"end":{"line":40,"column":null}}},"fnMap":{"0":{"name":"(anonymous_0)","decl":{"start":{"line":15,"column":27},"end":{"line":15,"column":28}},"loc":{"start":{"line":21,"column":24},"end":{"line":42,"column":null}},"line":21}},"branchMap":{"0":{"loc":{"start":{"line":23,"column":21},"end":{"line":23,"column":null}},"type":"binary-expr","locations":[{"start":{"line":23,"column":21},"end":{"line":23,"column":44}},{"start":{"line":23,"column":44},"end":{"line":23,"column":null}}],"line":23},"1":{"loc":{"start":{"line":26,"column":25},"end":{"line":26,"column":null}},"type":"binary-expr","locations":[{"start":{"line":26,"column":25},"end":{"line":26,"column":51}},{"start":{"line":26,"column":51},"end":{"line":26,"column":null}}],"line":26},"2":{"loc":{"start":{"line":37,"column":9},"end":{"line":37,"column":null}},"type":"binary-expr","locations":[{"start":{"line":37,"column":9},"end":{"line":37,"column":17}},{"start":{"line":37,"column":17},"end":{"line":37,"column":null}}],"line":37}},"s":{"0":1,"1":958,"2":958,"3":958,"4":958,"5":958},"f":{"0":958},"b":{"0":[958,479],"1":[958,479],"2":[958,958]},"meta":{"lastBranch":3,"lastFunction":1,"lastStatement":6,"seen":{"s:15:27:42:Infinity":0,"f:15:27:15:28":0,"s:22:28:22:Infinity":1,"s:23:21:23:Infinity":2,"b:23:21:23:44:23:44:23:Infinity":0,"s:25:15:25:Infinity":3,"s:26:25:26:Infinity":4,"b:26:25:26:51:26:51:26:Infinity":1,"s:28:2:40:Infinity":5,"b:37:9:37:17:37:17:37:Infinity":2}}}
,"/Users/wenguangting/Desktop/interview/frontend_task/src/components/ui/badge.tsx": {"path":"/Users/wenguangting/Desktop/interview/frontend_task/src/components/ui/badge.tsx","statementMap":{"0":{"start":{"line":7,"column":6},"end":{"line":26,"column":null}},"1":{"start":{"line":35,"column":15},"end":{"line":35,"column":null}},"2":{"start":{"line":37,"column":2},"end":{"line":42,"column":null}}},"fnMap":{"0":{"name":"Badge","decl":{"start":{"line":28,"column":9},"end":{"line":28,"column":15}},"loc":{"start":{"line":34,"column":62},"end":{"line":44,"column":null}},"line":34}},"branchMap":{"0":{"loc":{"start":{"line":31,"column":2},"end":{"line":31,"column":null}},"type":"default-arg","locations":[{"start":{"line":31,"column":12},"end":{"line":31,"column":null}}],"line":31},"1":{"loc":{"start":{"line":35,"column":15},"end":{"line":35,"column":null}},"type":"cond-expr","locations":[{"start":{"line":35,"column":25},"end":{"line":35,"column":32}},{"start":{"line":35,"column":32},"end":{"line":35,"column":null}}],"line":35}},"s":{"0":1,"1":992,"2":992},"f":{"0":992},"b":{"0":[992],"1":[0,992]},"meta":{"lastBranch":2,"lastFunction":1,"lastStatement":3,"seen":{"s:7:6:26:Infinity":0,"f:28:9:28:15":0,"b:31:12:31:Infinity":0,"s:35:15:35:Infinity":1,"b:35:25:35:32:35:32:35:Infinity":1,"s:37:2:42:Infinity":2}}}
,"/Users/wenguangting/Desktop/interview/frontend_task/src/components/ui/button.tsx": {"path":"/Users/wenguangting/Desktop/interview/frontend_task/src/components/ui/button.tsx","statementMap":{"0":{"start":{"line":7,"column":6},"end":{"line":37,"column":null}},"1":{"start":{"line":49,"column":15},"end":{"line":49,"column":null}},"2":{"start":{"line":51,"column":2},"end":{"line":56,"column":null}}},"fnMap":{"0":{"name":"Button","decl":{"start":{"line":39,"column":9},"end":{"line":39,"column":16}},"loc":{"start":{"line":48,"column":5},"end":{"line":58,"column":null}},"line":48}},"branchMap":{"0":{"loc":{"start":{"line":43,"column":2},"end":{"line":43,"column":null}},"type":"default-arg","locations":[{"start":{"line":43,"column":12},"end":{"line":43,"column":null}}],"line":43},"1":{"loc":{"start":{"line":49,"column":15},"end":{"line":49,"column":null}},"type":"cond-expr","locations":[{"start":{"line":49,"column":25},"end":{"line":49,"column":32}},{"start":{"line":49,"column":32},"end":{"line":49,"column":null}}],"line":49}},"s":{"0":3,"1":1632,"2":1632},"f":{"0":1632},"b":{"0":[1632],"1":[0,1632]},"meta":{"lastBranch":2,"lastFunction":1,"lastStatement":3,"seen":{"s:7:6:37:Infinity":0,"f:39:9:39:16":0,"b:43:12:43:Infinity":0,"s:49:15:49:Infinity":1,"b:49:25:49:32:49:32:49:Infinity":1,"s:51:2:56:Infinity":2}}}
,"/Users/wenguangting/Desktop/interview/frontend_task/src/components/ui/card.tsx": {"path":"/Users/wenguangting/Desktop/interview/frontend_task/src/components/ui/card.tsx","statementMap":{"0":{"start":{"line":6,"column":2},"end":{"line":14,"column":null}},"1":{"start":{"line":19,"column":2},"end":{"line":27,"column":null}},"2":{"start":{"line":32,"column":2},"end":{"line":37,"column":null}},"3":{"start":{"line":42,"column":2},"end":{"line":47,"column":null}},"4":{"start":{"line":52,"column":2},"end":{"line":60,"column":null}},"5":{"start":{"line":65,"column":2},"end":{"line":70,"column":null}},"6":{"start":{"line":75,"column":2},"end":{"line":80,"column":null}}},"fnMap":{"0":{"name":"Card","decl":{"start":{"line":5,"column":9},"end":{"line":5,"column":14}},"loc":{"start":{"line":5,"column":68},"end":{"line":16,"column":null}},"line":5},"1":{"name":"CardHeader","decl":{"start":{"line":18,"column":9},"end":{"line":18,"column":20}},"loc":{"start":{"line":18,"column":74},"end":{"line":29,"column":null}},"line":18},"2":{"name":"CardTitle","decl":{"start":{"line":31,"column":9},"end":{"line":31,"column":19}},"loc":{"start":{"line":31,"column":73},"end":{"line":39,"column":null}},"line":31},"3":{"name":"CardDescription","decl":{"start":{"line":41,"column":9},"end":{"line":41,"column":25}},"loc":{"start":{"line":41,"column":79},"end":{"line":49,"column":null}},"line":41},"4":{"name":"CardAction","decl":{"start":{"line":51,"column":9},"end":{"line":51,"column":20}},"loc":{"start":{"line":51,"column":74},"end":{"line":62,"column":null}},"line":51},"5":{"name":"CardContent","decl":{"start":{"line":64,"column":9},"end":{"line":64,"column":21}},"loc":{"start":{"line":64,"column":75},"end":{"line":72,"column":null}},"line":64},"6":{"name":"CardFooter","decl":{"start":{"line":74,"column":9},"end":{"line":74,"column":20}},"loc":{"start":{"line":74,"column":74},"end":{"line":82,"column":null}},"line":74}},"branchMap":{},"s":{"0":1702,"1":1702,"2":1702,"3":422,"4":0,"5":1702,"6":46},"f":{"0":1702,"1":1702,"2":1702,"3":422,"4":0,"5":1702,"6":46},"b":{},"meta":{"lastBranch":0,"lastFunction":7,"lastStatement":7,"seen":{"f:5:9:5:14":0,"s:6:2:14:Infinity":0,"f:18:9:18:20":1,"s:19:2:27:Infinity":1,"f:31:9:31:19":2,"s:32:2:37:Infinity":2,"f:41:9:41:25":3,"s:42:2:47:Infinity":3,"f:51:9:51:20":4,"s:52:2:60:Infinity":4,"f:64:9:64:21":5,"s:65:2:70:Infinity":5,"f:74:9:74:20":6,"s:75:2:80:Infinity":6}}}
,"/Users/wenguangting/Desktop/interview/frontend_task/src/components/ui/checkbox.tsx": {"path":"/Users/wenguangting/Desktop/interview/frontend_task/src/components/ui/checkbox.tsx","statementMap":{"0":{"start":{"line":11,"column":2},"end":{"line":26,"column":null}}},"fnMap":{"0":{"name":"Checkbox","decl":{"start":{"line":7,"column":9},"end":{"line":7,"column":18}},"loc":{"start":{"line":10,"column":56},"end":{"line":28,"column":null}},"line":10}},"branchMap":{},"s":{"0":613},"f":{"0":613},"b":{},"meta":{"lastBranch":0,"lastFunction":1,"lastStatement":1,"seen":{"f:7:9:7:18":0,"s:11:2:26:Infinity":0}}}
,"/Users/wenguangting/Desktop/interview/frontend_task/src/components/ui/command.tsx": {"path":"/Users/wenguangting/Desktop/interview/frontend_task/src/components/ui/command.tsx","statementMap":{"0":{"start":{"line":20,"column":2},"end":{"line":28,"column":null}},"1":{"start":{"line":45,"column":2},"end":{"line":59,"column":null}},"2":{"start":{"line":67,"column":2},"end":{"line":81,"column":null}},"3":{"start":{"line":89,"column":2},"end":{"line":97,"column":null}},"4":{"start":{"line":104,"column":2},"end":{"line":109,"column":null}},"5":{"start":{"line":117,"column":2},"end":{"line":125,"column":null}},"6":{"start":{"line":133,"column":2},"end":{"line":138,"column":null}},"7":{"start":{"line":146,"column":2},"end":{"line":154,"column":null}},"8":{"start":{"line":162,"column":2},"end":{"line":170,"column":null}}},"fnMap":{"0":{"name":"Command","decl":{"start":{"line":16,"column":9},"end":{"line":16,"column":17}},"loc":{"start":{"line":19,"column":50},"end":{"line":30,"column":null}},"line":19},"1":{"name":"CommandDialog","decl":{"start":{"line":32,"column":9},"end":{"line":32,"column":23}},"loc":{"start":{"line":44,"column":3},"end":{"line":61,"column":null}},"line":44},"2":{"name":"CommandInput","decl":{"start":{"line":63,"column":9},"end":{"line":63,"column":22}},"loc":{"start":{"line":66,"column":56},"end":{"line":83,"column":null}},"line":66},"3":{"name":"CommandList","decl":{"start":{"line":85,"column":9},"end":{"line":85,"column":21}},"loc":{"start":{"line":88,"column":55},"end":{"line":99,"column":null}},"line":88},"4":{"name":"CommandEmpty","decl":{"start":{"line":101,"column":9},"end":{"line":101,"column":22}},"loc":{"start":{"line":103,"column":56},"end":{"line":111,"column":null}},"line":103},"5":{"name":"CommandGroup","decl":{"start":{"line":113,"column":9},"end":{"line":113,"column":22}},"loc":{"start":{"line":116,"column":56},"end":{"line":127,"column":null}},"line":116},"6":{"name":"CommandSeparator","decl":{"start":{"line":129,"column":9},"end":{"line":129,"column":26}},"loc":{"start":{"line":132,"column":60},"end":{"line":140,"column":null}},"line":132},"7":{"name":"CommandItem","decl":{"start":{"line":142,"column":9},"end":{"line":142,"column":21}},"loc":{"start":{"line":145,"column":55},"end":{"line":156,"column":null}},"line":145},"8":{"name":"CommandShortcut","decl":{"start":{"line":158,"column":9},"end":{"line":158,"column":25}},"loc":{"start":{"line":161,"column":33},"end":{"line":172,"column":null}},"line":161}},"branchMap":{"0":{"loc":{"start":{"line":33,"column":2},"end":{"line":33,"column":null}},"type":"default-arg","locations":[{"start":{"line":33,"column":10},"end":{"line":33,"column":null}}],"line":33},"1":{"loc":{"start":{"line":34,"column":2},"end":{"line":34,"column":null}},"type":"default-arg","locations":[{"start":{"line":34,"column":16},"end":{"line":34,"column":null}}],"line":34},"2":{"loc":{"start":{"line":37,"column":2},"end":{"line":37,"column":null}},"type":"default-arg","locations":[{"start":{"line":37,"column":20},"end":{"line":37,"column":null}}],"line":37}},"s":{"0":22,"1":0,"2":22,"3":22,"4":22,"5":22,"6":0,"7":94,"8":0},"f":{"0":22,"1":0,"2":22,"3":22,"4":22,"5":22,"6":0,"7":94,"8":0},"b":{"0":[0],"1":[0],"2":[0]},"meta":{"lastBranch":3,"lastFunction":9,"lastStatement":9,"seen":{"f:16:9:16:17":0,"s:20:2:28:Infinity":0,"f:32:9:32:23":1,"b:33:10:33:Infinity":0,"b:34:16:34:Infinity":1,"b:37:20:37:Infinity":2,"s:45:2:59:Infinity":1,"f:63:9:63:22":2,"s:67:2:81:Infinity":2,"f:85:9:85:21":3,"s:89:2:97:Infinity":3,"f:101:9:101:22":4,"s:104:2:109:Infinity":4,"f:113:9:113:22":5,"s:117:2:125:Infinity":5,"f:129:9:129:26":6,"s:133:2:138:Infinity":6,"f:142:9:142:21":7,"s:146:2:154:Infinity":7,"f:158:9:158:25":8,"s:162:2:170:Infinity":8}}}
,"/Users/wenguangting/Desktop/interview/frontend_task/src/components/ui/data-table-faceted-filter.tsx": {"path":"/Users/wenguangting/Desktop/interview/frontend_task/src/components/ui/data-table-faceted-filter.tsx","statementMap":{"0":{"start":{"line":14,"column":31},"end":{"line":45,"column":null}},"1":{"start":{"line":20,"column":2},"end":{"line":20,"column":null}},"2":{"start":{"line":22,"column":22},"end":{"line":22,"column":null}},"3":{"start":{"line":24,"column":23},"end":{"line":35,"column":null}},"4":{"start":{"line":25,"column":30},"end":{"line":25,"column":null}},"5":{"start":{"line":27,"column":4},"end":{"line":31,"column":null}},"6":{"start":{"line":28,"column":6},"end":{"line":28,"column":null}},"7":{"start":{"line":30,"column":6},"end":{"line":30,"column":null}},"8":{"start":{"line":33,"column":25},"end":{"line":33,"column":null}},"9":{"start":{"line":34,"column":4},"end":{"line":34,"column":null}},"10":{"start":{"line":37,"column":2},"end":{"line":43,"column":null}}},"fnMap":{"0":{"name":"(anonymous_0)","decl":{"start":{"line":14,"column":31},"end":{"line":14,"column":32}},"loc":{"start":{"line":19,"column":35},"end":{"line":45,"column":null}},"line":19},"1":{"name":"(anonymous_1)","decl":{"start":{"line":24,"column":23},"end":{"line":24,"column":24}},"loc":{"start":{"line":24,"column":42},"end":{"line":35,"column":null}},"line":24}},"branchMap":{"0":{"loc":{"start":{"line":27,"column":4},"end":{"line":31,"column":null}},"type":"if","locations":[{"start":{"line":27,"column":4},"end":{"line":31,"column":null}},{"start":{"line":29,"column":11},"end":{"line":31,"column":null}}],"line":27}},"s":{"0":1,"1":640,"2":640,"3":640,"4":7,"5":7,"6":0,"7":7,"8":7,"9":7,"10":640},"f":{"0":640,"1":7},"b":{"0":[0,7]},"meta":{"lastBranch":1,"lastFunction":2,"lastStatement":11,"seen":{"s:14:31:45:Infinity":0,"f:14:31:14:32":0,"s:20:2:20:Infinity":1,"s:22:22:22:Infinity":2,"s:24:23:35:Infinity":3,"f:24:23:24:24":1,"s:25:30:25:Infinity":4,"b:27:4:31:Infinity:29:11:31:Infinity":0,"s:27:4:31:Infinity":5,"s:28:6:28:Infinity":6,"s:30:6:30:Infinity":7,"s:33:25:33:Infinity":8,"s:34:4:34:Infinity":9,"s:37:2:43:Infinity":10}}}
,"/Users/wenguangting/Desktop/interview/frontend_task/src/components/ui/data-table-pagination.tsx": {"path":"/Users/wenguangting/Desktop/interview/frontend_task/src/components/ui/data-table-pagination.tsx","statementMap":{"0":{"start":{"line":26,"column":28},"end":{"line":121,"column":null}},"1":{"start":{"line":35,"column":2},"end":{"line":119,"column":null}},"2":{"start":{"line":54,"column":14},"end":{"line":54,"column":null}},"3":{"start":{"line":62,"column":16},"end":{"line":64,"column":null}},"4":{"start":{"line":81,"column":27},"end":{"line":81,"column":null}},"5":{"start":{"line":91,"column":27},"end":{"line":91,"column":null}},"6":{"start":{"line":101,"column":27},"end":{"line":101,"column":null}},"7":{"start":{"line":111,"column":27},"end":{"line":111,"column":null}}},"fnMap":{"0":{"name":"(anonymous_0)","decl":{"start":{"line":26,"column":28},"end":{"line":26,"column":29}},"loc":{"start":{"line":34,"column":32},"end":{"line":121,"column":null}},"line":34},"1":{"name":"(anonymous_1)","decl":{"start":{"line":53,"column":27},"end":{"line":53,"column":28}},"loc":{"start":{"line":53,"column":38},"end":{"line":55,"column":null}},"line":53},"2":{"name":"(anonymous_2)","decl":{"start":{"line":61,"column":31},"end":{"line":61,"column":32}},"loc":{"start":{"line":62,"column":16},"end":{"line":64,"column":null}},"line":62},"3":{"name":"(anonymous_3)","decl":{"start":{"line":81,"column":21},"end":{"line":81,"column":27}},"loc":{"start":{"line":81,"column":27},"end":{"line":81,"column":null}},"line":81},"4":{"name":"(anonymous_4)","decl":{"start":{"line":91,"column":21},"end":{"line":91,"column":27}},"loc":{"start":{"line":91,"column":27},"end":{"line":91,"column":null}},"line":91},"5":{"name":"(anonymous_5)","decl":{"start":{"line":101,"column":21},"end":{"line":101,"column":27}},"loc":{"start":{"line":101,"column":27},"end":{"line":101,"column":null}},"line":101},"6":{"name":"(anonymous_6)","decl":{"start":{"line":111,"column":21},"end":{"line":111,"column":27}},"loc":{"start":{"line":111,"column":27},"end":{"line":111,"column":null}},"line":111}},"branchMap":{"0":{"loc":{"start":{"line":38,"column":9},"end":{"line":43,"column":null}},"type":"cond-expr","locations":[{"start":{"line":39,"column":10},"end":{"line":41,"column":null}},{"start":{"line":43,"column":10},"end":{"line":43,"column":null}}],"line":38},"1":{"loc":{"start":{"line":38,"column":9},"end":{"line":38,"column":null}},"type":"binary-expr","locations":[{"start":{"line":38,"column":9},"end":{"line":38,"column":39}},{"start":{"line":38,"column":39},"end":{"line":38,"column":null}}],"line":38}},"s":{"0":1,"1":97,"2":1,"3":291,"4":1,"5":1,"6":3,"7":2},"f":{"0":97,"1":1,"2":291,"3":1,"4":1,"5":3,"6":2},"b":{"0":[97,0],"1":[97,97]},"meta":{"lastBranch":2,"lastFunction":7,"lastStatement":8,"seen":{"s:26:28:121:Infinity":0,"f:26:28:26:29":0,"s:35:2:119:Infinity":1,"b:39:10:41:Infinity:43:10:43:Infinity":0,"b:38:9:38:39:38:39:38:Infinity":1,"f:53:27:53:28":1,"s:54:14:54:Infinity":2,"f:61:31:61:32":2,"s:62:16:64:Infinity":3,"f:81:21:81:27":3,"s:81:27:81:Infinity":4,"f:91:21:91:27":4,"s:91:27:91:Infinity":5,"f:101:21:101:27":5,"s:101:27:101:Infinity":6,"f:111:21:111:27":6,"s:111:27:111:Infinity":7}}}
,"/Users/wenguangting/Desktop/interview/frontend_task/src/components/ui/data-table-sort-header.tsx": {"path":"/Users/wenguangting/Desktop/interview/frontend_task/src/components/ui/data-table-sort-header.tsx","statementMap":{"0":{"start":{"line":18,"column":28},"end":{"line":74,"column":null}},"1":{"start":{"line":24,"column":2},"end":{"line":26,"column":null}},"2":{"start":{"line":25,"column":4},"end":{"line":25,"column":null}},"3":{"start":{"line":28,"column":17},"end":{"line":28,"column":null}},"4":{"start":{"line":29,"column":2},"end":{"line":29,"column":null}},"5":{"start":{"line":29,"column":32},"end":{"line":29,"column":null}},"6":{"start":{"line":30,"column":2},"end":{"line":30,"column":null}},"7":{"start":{"line":30,"column":31},"end":{"line":30,"column":null}},"8":{"start":{"line":32,"column":2},"end":{"line":72,"column":null}},"9":{"start":{"line":51,"column":27},"end":{"line":51,"column":null}},"10":{"start":{"line":58,"column":27},"end":{"line":58,"column":null}},"11":{"start":{"line":65,"column":27},"end":{"line":65,"column":null}}},"fnMap":{"0":{"name":"(anonymous_0)","decl":{"start":{"line":18,"column":28},"end":{"line":18,"column":29}},"loc":{"start":{"line":23,"column":32},"end":{"line":74,"column":null}},"line":23},"1":{"name":"(anonymous_1)","decl":{"start":{"line":51,"column":21},"end":{"line":51,"column":27}},"loc":{"start":{"line":51,"column":27},"end":{"line":51,"column":null}},"line":51},"2":{"name":"(anonymous_2)","decl":{"start":{"line":58,"column":21},"end":{"line":58,"column":27}},"loc":{"start":{"line":58,"column":27},"end":{"line":58,"column":null}},"line":58},"3":{"name":"(anonymous_3)","decl":{"start":{"line":65,"column":21},"end":{"line":65,"column":27}},"loc":{"start":{"line":65,"column":27},"end":{"line":65,"column":null}},"line":65}},"branchMap":{"0":{"loc":{"start":{"line":24,"column":2},"end":{"line":26,"column":null}},"type":"if","locations":[{"start":{"line":24,"column":2},"end":{"line":26,"column":null}},{"start":{},"end":{}}],"line":24},"1":{"loc":{"start":{"line":29,"column":2},"end":{"line":29,"column":null}},"type":"if","locations":[{"start":{"line":29,"column":2},"end":{"line":29,"column":null}},{"start":{},"end":{}}],"line":29},"2":{"loc":{"start":{"line":30,"column":2},"end":{"line":30,"column":null}},"type":"if","locations":[{"start":{"line":30,"column":2},"end":{"line":30,"column":null}},{"start":{},"end":{}}],"line":30}},"s":{"0":1,"1":194,"2":0,"3":194,"4":194,"5":8,"6":194,"7":10,"8":194,"9":6,"10":4,"11":2},"f":{"0":194,"1":6,"2":4,"3":2},"b":{"0":[0,194],"1":[8,186],"2":[10,184]},"meta":{"lastBranch":3,"lastFunction":4,"lastStatement":12,"seen":{"s:18:28:74:Infinity":0,"f:18:28:18:29":0,"b:24:2:26:Infinity:undefined:undefined:undefined:undefined":0,"s:24:2:26:Infinity":1,"s:25:4:25:Infinity":2,"s:28:17:28:Infinity":3,"b:29:2:29:Infinity:undefined:undefined:undefined:undefined":1,"s:29:2:29:Infinity":4,"s:29:32:29:Infinity":5,"b:30:2:30:Infinity:undefined:undefined:undefined:undefined":2,"s:30:2:30:Infinity":6,"s:30:31:30:Infinity":7,"s:32:2:72:Infinity":8,"f:51:21:51:27":1,"s:51:27:51:Infinity":9,"f:58:21:58:27":2,"s:58:27:58:Infinity":10,"f:65:21:65:27":3,"s:65:27:65:Infinity":11}}}
,"/Users/wenguangting/Desktop/interview/frontend_task/src/components/ui/dialog.tsx": {"path":"/Users/wenguangting/Desktop/interview/frontend_task/src/components/ui/dialog.tsx","statementMap":{"0":{"start":{"line":10,"column":2},"end":{"line":10,"column":null}},"1":{"start":{"line":16,"column":2},"end":{"line":16,"column":null}},"2":{"start":{"line":22,"column":2},"end":{"line":22,"column":null}},"3":{"start":{"line":28,"column":2},"end":{"line":28,"column":null}},"4":{"start":{"line":35,"column":2},"end":{"line":43,"column":null}},"5":{"start":{"line":55,"column":2},"end":{"line":77,"column":null}},"6":{"start":{"line":82,"column":2},"end":{"line":87,"column":null}},"7":{"start":{"line":92,"column":2},"end":{"line":100,"column":null}},"8":{"start":{"line":108,"column":2},"end":{"line":113,"column":null}},"9":{"start":{"line":121,"column":2},"end":{"line":126,"column":null}}},"fnMap":{"0":{"name":"Dialog","decl":{"start":{"line":7,"column":9},"end":{"line":7,"column":16}},"loc":{"start":{"line":9,"column":54},"end":{"line":11,"column":null}},"line":9},"1":{"name":"DialogTrigger","decl":{"start":{"line":13,"column":9},"end":{"line":13,"column":23}},"loc":{"start":{"line":15,"column":57},"end":{"line":17,"column":null}},"line":15},"2":{"name":"DialogPortal","decl":{"start":{"line":19,"column":9},"end":{"line":19,"column":22}},"loc":{"start":{"line":21,"column":56},"end":{"line":23,"column":null}},"line":21},"3":{"name":"DialogClose","decl":{"start":{"line":25,"column":9},"end":{"line":25,"column":21}},"loc":{"start":{"line":27,"column":55},"end":{"line":29,"column":null}},"line":27},"4":{"name":"DialogOverlay","decl":{"start":{"line":31,"column":9},"end":{"line":31,"column":23}},"loc":{"start":{"line":34,"column":57},"end":{"line":45,"column":null}},"line":34},"5":{"name":"DialogContent","decl":{"start":{"line":47,"column":9},"end":{"line":47,"column":23}},"loc":{"start":{"line":54,"column":3},"end":{"line":79,"column":null}},"line":54},"6":{"name":"DialogHeader","decl":{"start":{"line":81,"column":9},"end":{"line":81,"column":22}},"loc":{"start":{"line":81,"column":76},"end":{"line":89,"column":null}},"line":81},"7":{"name":"DialogFooter","decl":{"start":{"line":91,"column":9},"end":{"line":91,"column":22}},"loc":{"start":{"line":91,"column":76},"end":{"line":102,"column":null}},"line":91},"8":{"name":"DialogTitle","decl":{"start":{"line":104,"column":9},"end":{"line":104,"column":21}},"loc":{"start":{"line":107,"column":55},"end":{"line":115,"column":null}},"line":107},"9":{"name":"DialogDescription","decl":{"start":{"line":117,"column":9},"end":{"line":117,"column":27}},"loc":{"start":{"line":120,"column":61},"end":{"line":128,"column":null}},"line":120}},"branchMap":{"0":{"loc":{"start":{"line":50,"column":2},"end":{"line":50,"column":null}},"type":"default-arg","locations":[{"start":{"line":50,"column":20},"end":{"line":50,"column":null}}],"line":50},"1":{"loc":{"start":{"line":67,"column":9},"end":{"line":74,"column":null}},"type":"binary-expr","locations":[{"start":{"line":67,"column":9},"end":{"line":67,"column":null}},{"start":{"line":68,"column":10},"end":{"line":74,"column":null}}],"line":67}},"s":{"0":0,"1":0,"2":0,"3":0,"4":0,"5":0,"6":0,"7":0,"8":0,"9":0},"f":{"0":0,"1":0,"2":0,"3":0,"4":0,"5":0,"6":0,"7":0,"8":0,"9":0},"b":{"0":[0],"1":[0,0]},"meta":{"lastBranch":2,"lastFunction":10,"lastStatement":10,"seen":{"f:7:9:7:16":0,"s:10:2:10:Infinity":0,"f:13:9:13:23":1,"s:16:2:16:Infinity":1,"f:19:9:19:22":2,"s:22:2:22:Infinity":2,"f:25:9:25:21":3,"s:28:2:28:Infinity":3,"f:31:9:31:23":4,"s:35:2:43:Infinity":4,"f:47:9:47:23":5,"b:50:20:50:Infinity":0,"s:55:2:77:Infinity":5,"b:67:9:67:Infinity:68:10:74:Infinity":1,"f:81:9:81:22":6,"s:82:2:87:Infinity":6,"f:91:9:91:22":7,"s:92:2:100:Infinity":7,"f:104:9:104:21":8,"s:108:2:113:Infinity":8,"f:117:9:117:27":9,"s:121:2:126:Infinity":9}}}
,"/Users/wenguangting/Desktop/interview/frontend_task/src/components/ui/drawer.tsx": {"path":"/Users/wenguangting/Desktop/interview/frontend_task/src/components/ui/drawer.tsx","statementMap":{"0":{"start":{"line":9,"column":2},"end":{"line":9,"column":null}},"1":{"start":{"line":15,"column":2},"end":{"line":15,"column":null}},"2":{"start":{"line":21,"column":2},"end":{"line":21,"column":null}},"3":{"start":{"line":27,"column":2},"end":{"line":27,"column":null}},"4":{"start":{"line":34,"column":2},"end":{"line":42,"column":null}},"5":{"start":{"line":51,"column":2},"end":{"line":69,"column":null}},"6":{"start":{"line":74,"column":2},"end":{"line":82,"column":null}},"7":{"start":{"line":87,"column":2},"end":{"line":92,"column":null}},"8":{"start":{"line":100,"column":2},"end":{"line":105,"column":null}},"9":{"start":{"line":113,"column":2},"end":{"line":118,"column":null}}},"fnMap":{"0":{"name":"Drawer","decl":{"start":{"line":6,"column":9},"end":{"line":6,"column":16}},"loc":{"start":{"line":8,"column":54},"end":{"line":10,"column":null}},"line":8},"1":{"name":"DrawerTrigger","decl":{"start":{"line":12,"column":9},"end":{"line":12,"column":23}},"loc":{"start":{"line":14,"column":57},"end":{"line":16,"column":null}},"line":14},"2":{"name":"DrawerPortal","decl":{"start":{"line":18,"column":9},"end":{"line":18,"column":22}},"loc":{"start":{"line":20,"column":56},"end":{"line":22,"column":null}},"line":20},"3":{"name":"DrawerClose","decl":{"start":{"line":24,"column":9},"end":{"line":24,"column":21}},"loc":{"start":{"line":26,"column":55},"end":{"line":28,"column":null}},"line":26},"4":{"name":"DrawerOverlay","decl":{"start":{"line":30,"column":9},"end":{"line":30,"column":23}},"loc":{"start":{"line":33,"column":57},"end":{"line":44,"column":null}},"line":33},"5":{"name":"DrawerContent","decl":{"start":{"line":46,"column":9},"end":{"line":46,"column":23}},"loc":{"start":{"line":50,"column":57},"end":{"line":71,"column":null}},"line":50},"6":{"name":"DrawerHeader","decl":{"start":{"line":73,"column":9},"end":{"line":73,"column":22}},"loc":{"start":{"line":73,"column":76},"end":{"line":84,"column":null}},"line":73},"7":{"name":"DrawerFooter","decl":{"start":{"line":86,"column":9},"end":{"line":86,"column":22}},"loc":{"start":{"line":86,"column":76},"end":{"line":94,"column":null}},"line":86},"8":{"name":"DrawerTitle","decl":{"start":{"line":96,"column":9},"end":{"line":96,"column":21}},"loc":{"start":{"line":99,"column":55},"end":{"line":107,"column":null}},"line":99},"9":{"name":"DrawerDescription","decl":{"start":{"line":109,"column":9},"end":{"line":109,"column":27}},"loc":{"start":{"line":112,"column":61},"end":{"line":120,"column":null}},"line":112}},"branchMap":{},"s":{"0":0,"1":0,"2":0,"3":0,"4":0,"5":0,"6":0,"7":0,"8":0,"9":0},"f":{"0":0,"1":0,"2":0,"3":0,"4":0,"5":0,"6":0,"7":0,"8":0,"9":0},"b":{},"meta":{"lastBranch":0,"lastFunction":10,"lastStatement":10,"seen":{"f:6:9:6:16":0,"s:9:2:9:Infinity":0,"f:12:9:12:23":1,"s:15:2:15:Infinity":1,"f:18:9:18:22":2,"s:21:2:21:Infinity":2,"f:24:9:24:21":3,"s:27:2:27:Infinity":3,"f:30:9:30:23":4,"s:34:2:42:Infinity":4,"f:46:9:46:23":5,"s:51:2:69:Infinity":5,"f:73:9:73:22":6,"s:74:2:82:Infinity":6,"f:86:9:86:22":7,"s:87:2:92:Infinity":7,"f:96:9:96:21":8,"s:100:2:105:Infinity":8,"f:109:9:109:27":9,"s:113:2:118:Infinity":9}}}
,"/Users/wenguangting/Desktop/interview/frontend_task/src/components/ui/dropdown-menu.tsx": {"path":"/Users/wenguangting/Desktop/interview/frontend_task/src/components/ui/dropdown-menu.tsx","statementMap":{"0":{"start":{"line":10,"column":2},"end":{"line":10,"column":null}},"1":{"start":{"line":16,"column":2},"end":{"line":17,"column":null}},"2":{"start":{"line":24,"column":2},"end":{"line":28,"column":null}},"3":{"start":{"line":37,"column":2},"end":{"line":48,"column":null}},"4":{"start":{"line":55,"column":2},"end":{"line":56,"column":null}},"5":{"start":{"line":69,"column":2},"end":{"line":79,"column":null}},"6":{"start":{"line":89,"column":2},"end":{"line":105,"column":null}},"7":{"start":{"line":112,"column":2},"end":{"line":116,"column":null}},"8":{"start":{"line":125,"column":2},"end":{"line":140,"column":null}},"9":{"start":{"line":151,"column":2},"end":{"line":160,"column":null}},"10":{"start":{"line":168,"column":2},"end":{"line":173,"column":null}},"11":{"start":{"line":181,"column":2},"end":{"line":189,"column":null}},"12":{"start":{"line":196,"column":2},"end":{"line":196,"column":null}},"13":{"start":{"line":207,"column":2},"end":{"line":219,"column":null}},"14":{"start":{"line":227,"column":2},"end":{"line":235,"column":null}}},"fnMap":{"0":{"name":"DropdownMenu","decl":{"start":{"line":7,"column":9},"end":{"line":7,"column":22}},"loc":{"start":{"line":9,"column":60},"end":{"line":11,"column":null}},"line":9},"1":{"name":"DropdownMenuPortal","decl":{"start":{"line":13,"column":9},"end":{"line":13,"column":28}},"loc":{"start":{"line":15,"column":62},"end":{"line":19,"column":null}},"line":15},"2":{"name":"DropdownMenuTrigger","decl":{"start":{"line":21,"column":9},"end":{"line":21,"column":29}},"loc":{"start":{"line":23,"column":63},"end":{"line":30,"column":null}},"line":23},"3":{"name":"DropdownMenuContent","decl":{"start":{"line":32,"column":9},"end":{"line":32,"column":29}},"loc":{"start":{"line":36,"column":63},"end":{"line":50,"column":null}},"line":36},"4":{"name":"DropdownMenuGroup","decl":{"start":{"line":52,"column":9},"end":{"line":52,"column":27}},"loc":{"start":{"line":54,"column":61},"end":{"line":58,"column":null}},"line":54},"5":{"name":"DropdownMenuItem","decl":{"start":{"line":60,"column":9},"end":{"line":60,"column":26}},"loc":{"start":{"line":68,"column":3},"end":{"line":81,"column":null}},"line":68},"6":{"name":"DropdownMenuCheckboxItem","decl":{"start":{"line":83,"column":9},"end":{"line":83,"column":34}},"loc":{"start":{"line":88,"column":68},"end":{"line":107,"column":null}},"line":88},"7":{"name":"DropdownMenuRadioGroup","decl":{"start":{"line":109,"column":9},"end":{"line":109,"column":32}},"loc":{"start":{"line":111,"column":66},"end":{"line":118,"column":null}},"line":111},"8":{"name":"DropdownMenuRadioItem","decl":{"start":{"line":120,"column":9},"end":{"line":120,"column":31}},"loc":{"start":{"line":124,"column":65},"end":{"line":142,"column":null}},"line":124},"9":{"name":"DropdownMenuLabel","decl":{"start":{"line":144,"column":9},"end":{"line":144,"column":27}},"loc":{"start":{"line":150,"column":3},"end":{"line":162,"column":null}},"line":150},"10":{"name":"DropdownMenuSeparator","decl":{"start":{"line":164,"column":9},"end":{"line":164,"column":31}},"loc":{"start":{"line":167,"column":65},"end":{"line":175,"column":null}},"line":167},"11":{"name":"DropdownMenuShortcut","decl":{"start":{"line":177,"column":9},"end":{"line":177,"column":30}},"loc":{"start":{"line":180,"column":33},"end":{"line":191,"column":null}},"line":180},"12":{"name":"DropdownMenuSub","decl":{"start":{"line":193,"column":9},"end":{"line":193,"column":25}},"loc":{"start":{"line":195,"column":59},"end":{"line":197,"column":null}},"line":195},"13":{"name":"DropdownMenuSubTrigger","decl":{"start":{"line":199,"column":9},"end":{"line":199,"column":32}},"loc":{"start":{"line":206,"column":3},"end":{"line":221,"column":null}},"line":206},"14":{"name":"DropdownMenuSubContent","decl":{"start":{"line":223,"column":9},"end":{"line":223,"column":32}},"loc":{"start":{"line":226,"column":66},"end":{"line":237,"column":null}},"line":226}},"branchMap":{"0":{"loc":{"start":{"line":34,"column":2},"end":{"line":34,"column":null}},"type":"default-arg","locations":[{"start":{"line":34,"column":15},"end":{"line":34,"column":null}}],"line":34},"1":{"loc":{"start":{"line":63,"column":2},"end":{"line":63,"column":null}},"type":"default-arg","locations":[{"start":{"line":63,"column":12},"end":{"line":63,"column":null}}],"line":63}},"s":{"0":194,"1":0,"2":194,"3":194,"4":0,"5":78,"6":0,"7":0,"8":0,"9":0,"10":0,"11":0,"12":0,"13":0,"14":0},"f":{"0":194,"1":0,"2":194,"3":194,"4":0,"5":78,"6":0,"7":0,"8":0,"9":0,"10":0,"11":0,"12":0,"13":0,"14":0},"b":{"0":[194],"1":[78]},"meta":{"lastBranch":2,"lastFunction":15,"lastStatement":15,"seen":{"f:7:9:7:22":0,"s:10:2:10:Infinity":0,"f:13:9:13:28":1,"s:16:2:17:Infinity":1,"f:21:9:21:29":2,"s:24:2:28:Infinity":2,"f:32:9:32:29":3,"b:34:15:34:Infinity":0,"s:37:2:48:Infinity":3,"f:52:9:52:27":4,"s:55:2:56:Infinity":4,"f:60:9:60:26":5,"b:63:12:63:Infinity":1,"s:69:2:79:Infinity":5,"f:83:9:83:34":6,"s:89:2:105:Infinity":6,"f:109:9:109:32":7,"s:112:2:116:Infinity":7,"f:120:9:120:31":8,"s:125:2:140:Infinity":8,"f:144:9:144:27":9,"s:151:2:160:Infinity":9,"f:164:9:164:31":10,"s:168:2:173:Infinity":10,"f:177:9:177:30":11,"s:181:2:189:Infinity":11,"f:193:9:193:25":12,"s:196:2:196:Infinity":12,"f:199:9:199:32":13,"s:207:2:219:Infinity":13,"f:223:9:223:32":14,"s:227:2:235:Infinity":14}}}
,"/Users/wenguangting/Desktop/interview/frontend_task/src/components/ui/field.tsx": {"path":"/Users/wenguangting/Desktop/interview/frontend_task/src/components/ui/field.tsx","statementMap":{"0":{"start":{"line":9,"column":2},"end":{"line":18,"column":null}},"1":{"start":{"line":27,"column":2},"end":{"line":38,"column":null}},"2":{"start":{"line":43,"column":2},"end":{"line":51,"column":null}},"3":{"start":{"line":55,"column":6},"end":{"line":77,"column":null}},"4":{"start":{"line":84,"column":2},"end":{"line":91,"column":null}},"5":{"start":{"line":96,"column":2},"end":{"line":104,"column":null}},"6":{"start":{"line":112,"column":2},"end":{"line":122,"column":null}},"7":{"start":{"line":127,"column":2},"end":{"line":135,"column":null}},"8":{"start":{"line":140,"column":2},"end":{"line":150,"column":null}},"9":{"start":{"line":161,"column":2},"end":{"line":180,"column":null}},"10":{"start":{"line":192,"column":8},"end":{"line":217,"column":null}},"11":{"start":{"line":193,"column":4},"end":{"line":195,"column":null}},"12":{"start":{"line":194,"column":6},"end":{"line":194,"column":null}},"13":{"start":{"line":197,"column":4},"end":{"line":199,"column":null}},"14":{"start":{"line":198,"column":6},"end":{"line":198,"column":null}},"15":{"start":{"line":201,"column":25},"end":{"line":203,"column":null}},"16":{"start":{"line":202,"column":39},"end":{"line":202,"column":62}},"17":{"start":{"line":205,"column":4},"end":{"line":207,"column":null}},"18":{"start":{"line":206,"column":6},"end":{"line":206,"column":null}},"19":{"start":{"line":209,"column":4},"end":{"line":215,"column":null}},"20":{"start":{"line":213,"column":12},"end":{"line":213,"column":null}},"21":{"start":{"line":219,"column":2},"end":{"line":221,"column":null}},"22":{"start":{"line":220,"column":4},"end":{"line":220,"column":null}},"23":{"start":{"line":223,"column":2},"end":{"line":231,"column":null}}},"fnMap":{"0":{"name":"FieldSet","decl":{"start":{"line":8,"column":9},"end":{"line":8,"column":18}},"loc":{"start":{"line":8,"column":77},"end":{"line":20,"column":null}},"line":8},"1":{"name":"FieldLegend","decl":{"start":{"line":22,"column":9},"end":{"line":22,"column":21}},"loc":{"start":{"line":26,"column":70},"end":{"line":40,"column":null}},"line":26},"2":{"name":"FieldGroup","decl":{"start":{"line":42,"column":9},"end":{"line":42,"column":20}},"loc":{"start":{"line":42,"column":74},"end":{"line":53,"column":null}},"line":42},"3":{"name":"Field","decl":{"start":{"line":79,"column":9},"end":{"line":79,"column":15}},"loc":{"start":{"line":83,"column":69},"end":{"line":93,"column":null}},"line":83},"4":{"name":"FieldContent","decl":{"start":{"line":95,"column":9},"end":{"line":95,"column":22}},"loc":{"start":{"line":95,"column":76},"end":{"line":106,"column":null}},"line":95},"5":{"name":"FieldLabel","decl":{"start":{"line":108,"column":9},"end":{"line":108,"column":20}},"loc":{"start":{"line":111,"column":39},"end":{"line":124,"column":null}},"line":111},"6":{"name":"FieldTitle","decl":{"start":{"line":126,"column":9},"end":{"line":126,"column":20}},"loc":{"start":{"line":126,"column":74},"end":{"line":137,"column":null}},"line":126},"7":{"name":"FieldDescription","decl":{"start":{"line":139,"column":9},"end":{"line":139,"column":26}},"loc":{"start":{"line":139,"column":78},"end":{"line":152,"column":null}},"line":139},"8":{"name":"FieldSeparator","decl":{"start":{"line":154,"column":9},"end":{"line":154,"column":24}},"loc":{"start":{"line":160,"column":3},"end":{"line":182,"column":null}},"line":160},"9":{"name":"FieldError","decl":{"start":{"line":184,"column":9},"end":{"line":184,"column":20}},"loc":{"start":{"line":191,"column":3},"end":{"line":233,"column":null}},"line":191},"10":{"name":"(anonymous_10)","decl":{"start":{"line":192,"column":26},"end":{"line":192,"column":32}},"loc":{"start":{"line":192,"column":32},"end":{"line":217,"column":5}},"line":192},"11":{"name":"(anonymous_11)","decl":{"start":{"line":202,"column":28},"end":{"line":202,"column":29}},"loc":{"start":{"line":202,"column":39},"end":{"line":202,"column":62}},"line":202},"12":{"name":"(anonymous_12)","decl":{"start":{"line":212,"column":10},"end":{"line":212,"column":11}},"loc":{"start":{"line":213,"column":12},"end":{"line":213,"column":null}},"line":213}},"branchMap":{"0":{"loc":{"start":{"line":24,"column":2},"end":{"line":24,"column":null}},"type":"default-arg","locations":[{"start":{"line":24,"column":12},"end":{"line":24,"column":null}}],"line":24},"1":{"loc":{"start":{"line":81,"column":2},"end":{"line":81,"column":null}},"type":"default-arg","locations":[{"start":{"line":81,"column":16},"end":{"line":81,"column":null}}],"line":81},"2":{"loc":{"start":{"line":172,"column":7},"end":{"line":178,"column":null}},"type":"binary-expr","locations":[{"start":{"line":172,"column":7},"end":{"line":172,"column":null}},{"start":{"line":173,"column":8},"end":{"line":178,"column":null}}],"line":172},"3":{"loc":{"start":{"line":193,"column":4},"end":{"line":195,"column":null}},"type":"if","locations":[{"start":{"line":193,"column":4},"end":{"line":195,"column":null}},{"start":{},"end":{}}],"line":193},"4":{"loc":{"start":{"line":197,"column":4},"end":{"line":199,"column":null}},"type":"if","locations":[{"start":{"line":197,"column":4},"end":{"line":199,"column":null}},{"start":{},"end":{}}],"line":197},"5":{"loc":{"start":{"line":205,"column":4},"end":{"line":207,"column":null}},"type":"if","locations":[{"start":{"line":205,"column":4},"end":{"line":207,"column":null}},{"start":{},"end":{}}],"line":205},"6":{"loc":{"start":{"line":213,"column":12},"end":{"line":213,"column":null}},"type":"binary-expr","locations":[{"start":{"line":213,"column":12},"end":{"line":213,"column":30}},{"start":{"line":213,"column":30},"end":{"line":213,"column":null}}],"line":213},"7":{"loc":{"start":{"line":219,"column":2},"end":{"line":221,"column":null}},"type":"if","locations":[{"start":{"line":219,"column":2},"end":{"line":221,"column":null}},{"start":{},"end":{}}],"line":219}},"s":{"0":0,"1":0,"2":0,"3":1,"4":294,"5":0,"6":248,"7":0,"8":0,"9":0,"10":2,"11":2,"12":0,"13":2,"14":0,"15":2,"16":2,"17":2,"18":2,"19":0,"20":0,"21":2,"22":0,"23":2},"f":{"0":0,"1":0,"2":0,"3":294,"4":0,"5":248,"6":0,"7":0,"8":0,"9":2,"10":2,"11":2,"12":0},"b":{"0":[0],"1":[294],"2":[0,0],"3":[0,2],"4":[0,2],"5":[2,0],"6":[0,0],"7":[0,2]},"meta":{"lastBranch":8,"lastFunction":13,"lastStatement":24,"seen":{"f:8:9:8:18":0,"s:9:2:18:Infinity":0,"f:22:9:22:21":1,"b:24:12:24:Infinity":0,"s:27:2:38:Infinity":1,"f:42:9:42:20":2,"s:43:2:51:Infinity":2,"s:55:6:77:Infinity":3,"f:79:9:79:15":3,"b:81:16:81:Infinity":1,"s:84:2:91:Infinity":4,"f:95:9:95:22":4,"s:96:2:104:Infinity":5,"f:108:9:108:20":5,"s:112:2:122:Infinity":6,"f:126:9:126:20":6,"s:127:2:135:Infinity":7,"f:139:9:139:26":7,"s:140:2:150:Infinity":8,"f:154:9:154:24":8,"s:161:2:180:Infinity":9,"b:172:7:172:Infinity:173:8:178:Infinity":2,"f:184:9:184:20":9,"s:192:8:217:Infinity":10,"f:192:26:192:32":10,"b:193:4:195:Infinity:undefined:undefined:undefined:undefined":3,"s:193:4:195:Infinity":11,"s:194:6:194:Infinity":12,"b:197:4:199:Infinity:undefined:undefined:undefined:undefined":4,"s:197:4:199:Infinity":13,"s:198:6:198:Infinity":14,"s:201:25:203:Infinity":15,"f:202:28:202:29":11,"s:202:39:202:62":16,"b:205:4:207:Infinity:undefined:undefined:undefined:undefined":5,"s:205:4:207:Infinity":17,"s:206:6:206:Infinity":18,"s:209:4:215:Infinity":19,"f:212:10:212:11":12,"s:213:12:213:Infinity":20,"b:213:12:213:30:213:30:213:Infinity":6,"b:219:2:221:Infinity:undefined:undefined:undefined:undefined":7,"s:219:2:221:Infinity":21,"s:220:4:220:Infinity":22,"s:223:2:231:Infinity":23}}}
[...]
line":84,"column":null}},"type":"if","locations":[{"start":{"line":78,"column":6},"end":{"line":84,"column":null}},{"start":{},"end":{}}],"line":78},"5":{"loc":{"start":{"line":79,"column":8},"end":{"line":79,"column":null}},"type":"if","locations":[{"start":{"line":79,"column":8},"end":{"line":79,"column":null}},{"start":{},"end":{}}],"line":79},"6":{"loc":{"start":{"line":80,"column":8},"end":{"line":80,"column":null}},"type":"if","locations":[{"start":{"line":80,"column":8},"end":{"line":80,"column":null}},{"start":{},"end":{}}],"line":80},"7":{"loc":{"start":{"line":82,"column":8},"end":{"line":82,"column":null}},"type":"if","locations":[{"start":{"line":82,"column":8},"end":{"line":82,"column":null}},{"start":{},"end":{}}],"line":82},"8":{"loc":{"start":{"line":83,"column":8},"end":{"line":83,"column":null}},"type":"if","locations":[{"start":{"line":83,"column":8},"end":{"line":83,"column":null}},{"start":{},"end":{}}],"line":83},"9":{"loc":{"start":{"line":86,"column":6},"end":{"line":89,"column":null}},"type":"if","locations":[{"start":{"line":86,"column":6},"end":{"line":89,"column":null}},{"start":{},"end":{}}],"line":86},"10":{"loc":{"start":{"line":87,"column":8},"end":{"line":87,"column":null}},"type":"if","locations":[{"start":{"line":87,"column":8},"end":{"line":87,"column":null}},{"start":{},"end":{}}],"line":87},"11":{"loc":{"start":{"line":88,"column":8},"end":{"line":88,"column":null}},"type":"if","locations":[{"start":{"line":88,"column":8},"end":{"line":88,"column":null}},{"start":{},"end":{}}],"line":88},"12":{"loc":{"start":{"line":104,"column":8},"end":{"line":108,"column":null}},"type":"if","locations":[{"start":{"line":104,"column":8},"end":{"line":108,"column":null}},{"start":{"line":106,"column":15},"end":{"line":108,"column":null}}],"line":104},"13":{"loc":{"start":{"line":148,"column":8},"end":{"line":151,"column":null}},"type":"if","locations":[{"start":{"line":148,"column":8},"end":{"line":151,"column":null}},{"start":{},"end":{}}],"line":148},"14":{"loc":{"start":{"line":148,"column":12},"end":{"line":148,"column":67}},"type":"binary-expr","locations":[{"start":{"line":148,"column":12},"end":{"line":148,"column":38}},{"start":{"line":148,"column":38},"end":{"line":148,"column":67}}],"line":148},"15":{"loc":{"start":{"line":153,"column":8},"end":{"line":157,"column":null}},"type":"if","locations":[{"start":{"line":153,"column":8},"end":{"line":157,"column":null}},{"start":{"line":155,"column":15},"end":{"line":157,"column":null}}],"line":153},"16":{"loc":{"start":{"line":179,"column":6},"end":{"line":180,"column":null}},"type":"binary-expr","locations":[{"start":{"line":179,"column":6},"end":{"line":179,"column":null}},{"start":{"line":180,"column":6},"end":{"line":180,"column":null}}],"line":179}},"s":{"0":2,"1":2,"2":391,"3":171,"4":95,"5":12,"6":2,"7":15,"8":58,"9":15,"10":3,"11":8,"12":8,"13":12,"14":8,"15":1,"16":7,"17":7,"18":17,"19":7,"20":7,"21":2,"22":7,"23":3,"24":2,"25":3,"26":1,"27":3,"28":1,"29":3,"30":2,"31":7,"32":4,"33":1,"34":4,"35":3,"36":7,"37":7,"38":5,"39":5,"40":19,"41":12,"42":7,"43":5,"44":0,"45":2,"46":450,"47":450,"48":450,"49":169,"50":169,"51":169,"52":169,"53":169,"54":169,"55":98,"56":71,"57":69,"58":69,"59":2,"60":1,"61":1,"62":2,"63":169,"64":169,"65":169,"66":450,"67":36},"f":{"0":391,"1":12,"2":17,"3":19,"4":450,"5":169,"6":169,"7":169,"8":36},"b":{"0":[171,95,12,2,15,58,15,3,8,7,5,0],"1":[1,7],"2":[7,10],"3":[2,5],"4":[3,4],"5":[2,1],"6":[1,2],"7":[1,2],"8":[2,1],"9":[4,3],"10":[1,3],"11":[3,1],"12":[12,7],"13":[69,2],"14":[71,70],"15":[1,1],"16":[450,416]},"meta":{"lastBranch":17,"lastFunction":9,"lastStatement":68,"seen":{"s:11:28:28:Infinity":0,"s:30:16:115:Infinity":1,"f:30:16:30:17":0,"b:32:4:33:Infinity:34:4:42:Infinity:43:4:44:Infinity:45:4:46:Infinity:47:4:48:Infinity:49:4:50:Infinity:51:4:59:Infinity:60:4:61:Infinity:62:4:92:Infinity:93:4:100:Infinity:101:4:111:Infinity:112:4:113:Infinity":0,"s:31:2:114:Infinity":2,"s:33:6:33:Infinity":3,"s:35:6:42:Infinity":4,"s:44:6:44:Infinity":5,"s:46:6:46:Infinity":6,"s:48:6:48:Infinity":7,"s:50:6:50:Infinity":8,"s:52:6:59:Infinity":9,"s:61:6:61:Infinity":10,"s:63:35:63:Infinity":11,"s:64:20:64:Infinity":12,"f:64:38:64:39":1,"s:64:45:64:61":13,"b:65:6:65:Infinity:undefined:undefined:undefined:undefined":1,"s:65:6:65:Infinity":14,"s:65:18:65:Infinity":15,"s:67:23:67:Infinity":16,"s:68:24:70:Infinity":17,"f:68:41:68:42":2,"s:69:8:69:Infinity":18,"b:69:27:69:38:69:38:69:Infinity":2,"s:72:23:72:Infinity":19,"b:74:6:76:Infinity:undefined:undefined:undefined:undefined":3,"s:74:6:76:Infinity":20,"s:75:8:75:Infinity":21,"b:78:6:84:Infinity:undefined:undefined:undefined:undefined":4,"s:78:6:84:Infinity":22,"b:79:8:79:Infinity:undefined:undefined:undefined:undefined":5,"s:79:8:79:Infinity":23,"s:79:40:79:Infinity":24,"b:80:8:80:Infinity:undefined:undefined:undefined:undefined":6,"s:80:8:80:Infinity":25,"s:80:43:80:Infinity":26,"b:82:8:82:Infinity:undefined:undefined:undefined:undefined":7,"s:82:8:82:Infinity":27,"s:82:43:82:Infinity":28,"b:83:8:83:Infinity:undefined:undefined:undefined:undefined":8,"s:83:8:83:Infinity":29,"s:83:46:83:Infinity":30,"b:86:6:89:Infinity:undefined:undefined:undefined:undefined":9,"s:86:6:89:Infinity":31,"b:87:8:87:Infinity:undefined:undefined:undefined:undefined":10,"s:87:8:87:Infinity":32,"s:87:49:87:Infinity":33,"b:88:8:88:Infinity:undefined:undefined:undefined:undefined":11,"s:88:8:88:Infinity":34,"s:88:52:88:Infinity":35,"s:91:6:91:Infinity":36,"s:94:6:100:Infinity":37,"s:102:27:102:Infinity":38,"s:103:6:109:Infinity":39,"f:103:27:103:28":3,"b:104:8:108:Infinity:106:15:108:Infinity":12,"s:104:8:108:Infinity":40,"s:105:10:105:Infinity":41,"s:107:10:107:Infinity":42,"s:110:6:110:Infinity":43,"s:113:6:113:Infinity":44,"s:117:29:182:Infinity":45,"f:117:29:117:53":4,"s:118:24:118:Infinity":46,"s:119:8:119:Infinity":47,"s:121:2:173:Infinity":48,"f:121:12:121:18":5,"s:122:28:122:Infinity":49,"s:123:23:123:Infinity":50,"s:125:24:160:Infinity":51,"f:125:24:125:36":6,"s:126:6:159:Infinity":52,"s:127:8:127:Infinity":53,"s:128:25:136:Infinity":54,"s:138:8:146:Infinity":55,"b:148:8:151:Infinity:undefined:undefined:undefined:undefined":13,"s:148:8:151:Infinity":56,"b:148:12:148:38:148:38:148:67":14,"s:149:10:149:Infinity":57,"s:150:10:150:Infinity":58,"b:153:8:157:Infinity:155:15:157:Infinity":15,"s:153:8:157:Infinity":59,"s:154:10:154:Infinity":60,"s:156:10:156:Infinity":61,"s:158:8:158:Infinity":62,"s:162:4:162:Infinity":63,"s:164:4:166:Infinity":64,"f:164:11:164:17":7,"s:165:6:165:Infinity":65,"s:175:2:181:Infinity":66,"b:179:6:179:Infinity:180:6:180:Infinity":16,"f:179:40:179:41":8,"s:179:52:179:69":67}}}
,"/Users/wenguangting/Desktop/interview/frontend_task/src/lib/definitions.ts": {"path":"/Users/wenguangting/Desktop/interview/frontend_task/src/lib/definitions.ts","statementMap":{"0":{"start":{"line":5,"column":30},"end":{"line":10,"column":null}},"1":{"start":{"line":12,"column":33},"end":{"line":12,"column":null}},"2":{"start":{"line":17,"column":32},"end":{"line":17,"column":null}},"3":{"start":{"line":18,"column":35},"end":{"line":18,"column":null}},"4":{"start":{"line":22,"column":33},"end":{"line":28,"column":null}},"5":{"start":{"line":29,"column":36},"end":{"line":29,"column":null}},"6":{"start":{"line":33,"column":27},"end":{"line":41,"column":null}},"7":{"start":{"line":45,"column":36},"end":{"line":45,"column":null}},"8":{"start":{"line":48,"column":36},"end":{"line":53,"column":null}},"9":{"start":{"line":55,"column":32},"end":{"line":60,"column":null}},"10":{"start":{"line":64,"column":45},"end":{"line":68,"column":null}}},"fnMap":{},"branchMap":{},"s":{"0":8,"1":8,"2":8,"3":8,"4":8,"5":8,"6":8,"7":8,"8":8,"9":8,"10":8},"f":{},"b":{},"meta":{"lastBranch":0,"lastFunction":0,"lastStatement":11,"seen":{"s:5:30:10:Infinity":0,"s:12:33:12:Infinity":1,"s:17:32:17:Infinity":2,"s:18:35:18:Infinity":3,"s:22:33:28:Infinity":4,"s:29:36:29:Infinity":5,"s:33:27:41:Infinity":6,"s:45:36:45:Infinity":7,"s:48:36:53:Infinity":8,"s:55:32:60:Infinity":9,"s:64:45:68:Infinity":10}}}
,"/Users/wenguangting/Desktop/interview/frontend_task/src/lib/calculations/calculations.ts": {"path":"/Users/wenguangting/Desktop/interview/frontend_task/src/lib/calculations/calculations.ts","statementMap":{"0":{"start":{"line":5,"column":2},"end":{"line":7,"column":null}},"1":{"start":{"line":6,"column":4},"end":{"line":6,"column":null}},"2":{"start":{"line":9,"column":24},"end":{"line":9,"column":null}},"3":{"start":{"line":10,"column":22},"end":{"line":10,"column":null}},"4":{"start":{"line":11,"column":56},"end":{"line":11,"column":null}},"5":{"start":{"line":12,"column":29},"end":{"line":12,"column":null}},"6":{"start":{"line":14,"column":2},"end":{"line":29,"column":null}},"7":{"start":{"line":15,"column":4},"end":{"line":17,"column":null}},"8":{"start":{"line":16,"column":6},"end":{"line":16,"column":null}},"9":{"start":{"line":19,"column":6},"end":{"line":19,"column":null}},"10":{"start":{"line":20,"column":4},"end":{"line":20,"column":null}},"11":{"start":{"line":20,"column":26},"end":{"line":20,"column":null}},"12":{"start":{"line":22,"column":10},"end":{"line":22,"column":null}},"13":{"start":{"line":23,"column":4},"end":{"line":23,"column":null}},"14":{"start":{"line":26,"column":4},"end":{"line":28,"column":null}},"15":{"start":{"line":27,"column":6},"end":{"line":27,"column":null}},"16":{"start":{"line":31,"column":2},"end":{"line":35,"column":null}},"17":{"start":{"line":40,"column":2},"end":{"line":42,"column":null}},"18":{"start":{"line":41,"column":4},"end":{"line":41,"column":null}},"19":{"start":{"line":44,"column":27},"end":{"line":47,"column":null}},"20":{"start":{"line":48,"column":39},"end":{"line":48,"column":null}},"21":{"start":{"line":49,"column":52},"end":{"line":49,"column":null}},"22":{"start":{"line":51,"column":21},"end":{"line":53,"column":null}},"23":{"start":{"line":52,"column":4},"end":{"line":52,"column":null}},"24":{"start":{"line":55,"column":2},"end":{"line":86,"column":null}},"25":{"start":{"line":57,"column":4},"end":{"line":62,"column":null}},"26":{"start":{"line":61,"column":6},"end":{"line":61,"column":null}},"27":{"start":{"line":65,"column":24},"end":{"line":68,"column":null}},"28":{"start":{"line":69,"column":4},"end":{"line":72,"column":null}},"29":{"start":{"line":75,"column":4},"end":{"line":77,"column":null}},"30":{"start":{"line":76,"column":6},"end":{"line":76,"column":null}},"31":{"start":{"line":79,"column":4},"end":{"line":85,"column":null}},"32":{"start":{"line":84,"column":6},"end":{"line":84,"column":null}},"33":{"start":{"line":88,"column":2},"end":{"line":92,"column":null}}},"fnMap":{"0":{"name":"part1Calculation","decl":{"start":{"line":4,"column":16},"end":{"line":4,"column":33}},"loc":{"start":{"line":4,"column":50},"end":{"line":36,"column":null}},"line":4},"1":{"name":"part2Calculation","decl":{"start":{"line":39,"column":16},"end":{"line":39,"column":33}},"loc":{"start":{"line":39,"column":50},"end":{"line":93,"column":null}},"line":39},"2":{"name":"(anonymous_2)","decl":{"start":{"line":51,"column":21},"end":{"line":51,"column":22}},"loc":{"start":{"line":51,"column":55},"end":{"line":53,"column":null}},"line":51}},"branchMap":{"0":{"loc":{"start":{"line":5,"column":2},"end":{"line":7,"column":null}},"type":"if","locations":[{"start":{"line":5,"column":2},"end":{"line":7,"column":null}},{"start":{},"end":{}}],"line":5},"1":{"loc":{"start":{"line":15,"column":4},"end":{"line":17,"column":null}},"type":"if","locations":[{"start":{"line":15,"column":4},"end":{"line":17,"column":null}},{"start":{},"end":{}}],"line":15},"2":{"loc":{"start":{"line":19,"column":6},"end":{"line":19,"column":null}},"type":"binary-expr","locations":[{"start":{"line":19,"column":6},"end":{"line":19,"column":38}},{"start":{"line":19,"column":38},"end":{"line":19,"column":null}}],"line":19},"3":{"loc":{"start":{"line":20,"column":4},"end":{"line":20,"column":null}},"type":"if","locations":[{"start":{"line":20,"column":4},"end":{"line":20,"column":null}},{"start":{},"end":{}}],"line":20},"4":{"loc":{"start":{"line":22,"column":23},"end":{"line":22,"column":61}},"type":"binary-expr","locations":[{"start":{"line":22,"column":23},"end":{"line":22,"column":56}},{"start":{"line":22,"column":56},"end":{"line":22,"column":61}}],"line":22},"5":{"loc":{"start":{"line":26,"column":4},"end":{"line":28,"column":null}},"type":"if","locations":[{"start":{"line":26,"column":4},"end":{"line":28,"column":null}},{"start":{},"end":{}}],"line":26},"6":{"loc":{"start":{"line":26,"column":8},"end":{"line":26,"column":47}},"type":"binary-expr","locations":[{"start":{"line":26,"column":8},"end":{"line":26,"column":20}},{"start":{"line":26,"column":20},"end":{"line":26,"column":47}}],"line":26},"7":{"loc":{"start":{"line":40,"column":2},"end":{"line":42,"column":null}},"type":"if","locations":[{"start":{"line":40,"column":2},"end":{"line":42,"column":null}},{"start":{},"end":{}}],"line":40},"8":{"loc":{"start":{"line":57,"column":4},"end":{"line":62,"column":null}},"type":"if","locations":[{"start":{"line":57,"column":4},"end":{"line":62,"column":null}},{"start":{},"end":{}}],"line":57},"9":{"loc":{"start":{"line":58,"column":6},"end":{"line":59,"column":null}},"type":"binary-expr","locations":[{"start":{"line":58,"column":6},"end":{"line":58,"column":null}},{"start":{"line":59,"column":6},"end":{"line":59,"column":null}}],"line":58},"10":{"loc":{"start":{"line":65,"column":24},"end":{"line":68,"column":null}},"type":"binary-expr","locations":[{"start":{"line":65,"column":24},"end":{"line":65,"column":70}},{"start":{"line":65,"column":70},"end":{"line":68,"column":null}}],"line":65},"11":{"loc":{"start":{"line":75,"column":4},"end":{"line":77,"column":null}},"type":"if","locations":[{"start":{"line":75,"column":4},"end":{"line":77,"column":null}},{"start":{},"end":{}}],"line":75},"12":{"loc":{"start":{"line":75,"column":8},"end":{"line":75,"column":78}},"type":"binary-expr","locations":[{"start":{"line":75,"column":8},"end":{"line":75,"column":40}},{"start":{"line":75,"column":40},"end":{"line":75,"column":78}}],"line":75},"13":{"loc":{"start":{"line":79,"column":4},"end":{"line":85,"column":null}},"type":"if","locations":[{"start":{"line":79,"column":4},"end":{"line":85,"column":null}},{"start":{},"end":{}}],"line":79},"14":{"loc":{"start":{"line":80,"column":6},"end":{"line":82,"column":null}},"type":"binary-expr","locations":[{"start":{"line":80,"column":6},"end":{"line":80,"column":null}},{"start":{"line":81,"column":7},"end":{"line":81,"column":null}},{"start":{"line":82,"column":8},"end":{"line":82,"column":null}}],"line":80}},"s":{"0":7,"1":1,"2":6,"3":6,"4":6,"5":6,"6":6,"7":51,"8":21,"9":51,"10":51,"11":32,"12":19,"13":51,"14":51,"15":15,"16":6,"17":7,"18":1,"19":6,"20":6,"21":6,"22":6,"23":8,"24":6,"25":35,"26":12,"27":35,"28":35,"29":35,"30":5,"31":35,"32":3,"33":6},"f":{"0":7,"1":7,"2":8},"b":{"0":[1,6],"1":[21,30],"2":[51,21],"3":[32,19],"4":[19,11],"5":[15,36],"6":[51,13],"7":[1,6],"8":[12,23],"9":[35,22],"10":[35,17],"11":[5,30],"12":[35,15],"13":[3,32],"14":[35,9,7]},"meta":{"lastBranch":15,"lastFunction":3,"lastStatement":34,"seen":{"f:4:16:4:33":0,"b:5:2:7:Infinity:undefined:undefined:undefined:undefined":0,"s:5:2:7:Infinity":0,"s:6:4:6:Infinity":1,"s:9:24:9:Infinity":2,"s:10:22:10:Infinity":3,"s:11:56:11:Infinity":4,"s:12:29:12:Infinity":5,"s:14:2:29:Infinity":6,"b:15:4:17:Infinity:undefined:undefined:undefined:undefined":1,"s:15:4:17:Infinity":7,"s:16:6:16:Infinity":8,"s:19:6:19:Infinity":9,"b:19:6:19:38:19:38:19:Infinity":2,"b:20:4:20:Infinity:undefined:undefined:undefined:undefined":3,"s:20:4:20:Infinity":10,"s:20:26:20:Infinity":11,"s:22:10:22:Infinity":12,"b:22:23:22:56:22:56:22:61":4,"s:23:4:23:Infinity":13,"b:26:4:28:Infinity:undefined:undefined:undefined:undefined":5,"s:26:4:28:Infinity":14,"b:26:8:26:20:26:20:26:47":6,"s:27:6:27:Infinity":15,"s:31:2:35:Infinity":16,"f:39:16:39:33":1,"b:40:2:42:Infinity:undefined:undefined:undefined:undefined":7,"s:40:2:42:Infinity":17,"s:41:4:41:Infinity":18,"s:44:27:47:Infinity":19,"s:48:39:48:Infinity":20,"s:49:52:49:Infinity":21,"s:51:21:53:Infinity":22,"f:51:21:51:22":2,"s:52:4:52:Infinity":23,"s:55:2:86:Infinity":24,"b:57:4:62:Infinity:undefined:undefined:undefined:undefined":8,"s:57:4:62:Infinity":25,"b:58:6:58:Infinity:59:6:59:Infinity":9,"s:61:6:61:Infinity":26,"s:65:24:68:Infinity":27,"b:65:24:65:70:65:70:68:Infinity":10,"s:69:4:72:Infinity":28,"b:75:4:77:Infinity:undefined:undefined:undefined:undefined":11,"s:75:4:77:Infinity":29,"b:75:8:75:40:75:40:75:78":12,"s:76:6:76:Infinity":30,"b:79:4:85:Infinity:undefined:undefined:undefined:undefined":13,"s:79:4:85:Infinity":31,"b:80:6:80:Infinity:81:7:81:Infinity:82:8:82:Infinity":14,"s:84:6:84:Infinity":32,"s:88:2:92:Infinity":33}}}
,"/Users/wenguangting/Desktop/interview/frontend_task/src/lib/utils/utils.ts": {"path":"/Users/wenguangting/Desktop/interview/frontend_task/src/lib/utils/utils.ts","statementMap":{"0":{"start":{"line":5,"column":2},"end":{"line":5,"column":null}},"1":{"start":{"line":9,"column":2},"end":{"line":9,"column":null}},"2":{"start":{"line":9,"column":14},"end":{"line":9,"column":null}},"3":{"start":{"line":10,"column":2},"end":{"line":10,"column":null}},"4":{"start":{"line":10,"column":34},"end":{"line":10,"column":null}},"5":{"start":{"line":12,"column":12},"end":{"line":12,"column":null}},"6":{"start":{"line":13,"column":12},"end":{"line":13,"column":null}},"7":{"start":{"line":15,"column":13},"end":{"line":15,"column":null}},"8":{"start":{"line":16,"column":13},"end":{"line":16,"column":null}},"9":{"start":{"line":18,"column":2},"end":{"line":23,"column":null}},"10":{"start":{"line":19,"column":4},"end":{"line":21,"column":null}},"11":{"start":{"line":20,"column":6},"end":{"line":20,"column":null}},"12":{"start":{"line":22,"column":4},"end":{"line":22,"column":null}},"13":{"start":{"line":25,"column":2},"end":{"line":25,"column":null}}},"fnMap":{"0":{"name":"cn","decl":{"start":{"line":4,"column":16},"end":{"line":4,"column":22}},"loc":{"start":{"line":4,"column":44},"end":{"line":6,"column":null}},"line":4},"1":{"name":"fuzzyMatch","decl":{"start":{"line":8,"column":16},"end":{"line":8,"column":27}},"loc":{"start":{"line":8,"column":56},"end":{"line":26,"column":null}},"line":8}},"branchMap":{"0":{"loc":{"start":{"line":9,"column":2},"end":{"line":9,"column":null}},"type":"if","locations":[{"start":{"line":9,"column":2},"end":{"line":9,"column":null}},{"start":{},"end":{}}],"line":9},"1":{"loc":{"start":{"line":10,"column":2},"end":{"line":10,"column":null}},"type":"if","locations":[{"start":{"line":10,"column":2},"end":{"line":10,"column":null}},{"start":{},"end":{}}],"line":10},"2":{"loc":{"start":{"line":18,"column":9},"end":{"line":18,"column":45}},"type":"binary-expr","locations":[{"start":{"line":18,"column":9},"end":{"line":18,"column":28}},{"start":{"line":18,"column":28},"end":{"line":18,"column":45}}],"line":18},"3":{"loc":{"start":{"line":19,"column":4},"end":{"line":21,"column":null}},"type":"if","locations":[{"start":{"line":19,"column":4},"end":{"line":21,"column":null}},{"start":{},"end":{}}],"line":19}},"s":{"0":50690,"1":1233,"2":1,"3":1232,"4":453,"5":779,"6":779,"7":779,"8":779,"9":779,"10":5993,"11":153,"12":5993,"13":779},"f":{"0":50690,"1":1233},"b":{"0":[1,1232],"1":[453,779],"2":[779,6736],"3":[153,5840]},"meta":{"lastBranch":4,"lastFunction":2,"lastStatement":14,"seen":{"f:4:16:4:22":0,"s:5:2:5:Infinity":0,"f:8:16:8:27":1,"b:9:2:9:Infinity:undefined:undefined:undefined:undefined":0,"s:9:2:9:Infinity":1,"s:9:14:9:Infinity":2,"b:10:2:10:Infinity:undefined:undefined:undefined:undefined":1,"s:10:2:10:Infinity":3,"s:10:34:10:Infinity":4,"s:12:12:12:Infinity":5,"s:13:12:13:Infinity":6,"s:15:13:15:Infinity":7,"s:16:13:16:Infinity":8,"s:18:2:23:Infinity":9,"b:18:9:18:28:18:28:18:45":2,"b:19:4:21:Infinity:undefined:undefined:undefined:undefined":3,"s:19:4:21:Infinity":10,"s:20:6:20:Infinity":11,"s:22:4:22:Infinity":12,"s:25:2:25:Infinity":13}}}
}
